mode: set
github.com/blend/go-sdk/assert/assert.go:37.29,39.2 1 1
github.com/blend/go-sdk/assert/assert.go:42.18,44.2 1 0
github.com/blend/go-sdk/assert/assert.go:69.26,71.2 1 1
github.com/blend/go-sdk/assert/assert.go:74.36,76.2 1 0
github.com/blend/go-sdk/assert/assert.go:78.34,80.2 1 0
github.com/blend/go-sdk/assert/assert.go:84.43,86.2 1 1
github.com/blend/go-sdk/assert/assert.go:89.87,91.57 2 0
github.com/blend/go-sdk/assert/assert.go:91.57,93.3 1 0
github.com/blend/go-sdk/assert/assert.go:97.84,99.54 2 0
github.com/blend/go-sdk/assert/assert.go:99.54,101.3 1 0
github.com/blend/go-sdk/assert/assert.go:105.100,107.71 2 0
github.com/blend/go-sdk/assert/assert.go:107.71,109.3 1 0
github.com/blend/go-sdk/assert/assert.go:113.90,115.60 2 0
github.com/blend/go-sdk/assert/assert.go:115.60,117.3 1 0
github.com/blend/go-sdk/assert/assert.go:121.93,123.63 2 0
github.com/blend/go-sdk/assert/assert.go:123.63,125.3 1 0
github.com/blend/go-sdk/assert/assert.go:129.108,131.66 2 0
github.com/blend/go-sdk/assert/assert.go:131.66,133.3 1 0
github.com/blend/go-sdk/assert/assert.go:137.111,139.69 2 0
github.com/blend/go-sdk/assert/assert.go:139.69,141.3 1 0
github.com/blend/go-sdk/assert/assert.go:145.84,147.54 2 0
github.com/blend/go-sdk/assert/assert.go:147.54,149.3 1 0
github.com/blend/go-sdk/assert/assert.go:153.87,155.57 2 0
github.com/blend/go-sdk/assert/assert.go:155.57,157.3 1 0
github.com/blend/go-sdk/assert/assert.go:161.78,163.55 2 0
github.com/blend/go-sdk/assert/assert.go:163.55,165.3 1 0
github.com/blend/go-sdk/assert/assert.go:169.79,171.56 2 0
github.com/blend/go-sdk/assert/assert.go:171.56,173.3 1 0
github.com/blend/go-sdk/assert/assert.go:177.91,179.65 2 0
github.com/blend/go-sdk/assert/assert.go:179.65,181.3 1 0
github.com/blend/go-sdk/assert/assert.go:185.111,187.69 2 0
github.com/blend/go-sdk/assert/assert.go:187.69,189.3 1 0
github.com/blend/go-sdk/assert/assert.go:193.88,195.60 2 0
github.com/blend/go-sdk/assert/assert.go:195.60,197.3 1 0
github.com/blend/go-sdk/assert/assert.go:201.95,203.67 2 0
github.com/blend/go-sdk/assert/assert.go:203.67,205.3 1 0
github.com/blend/go-sdk/assert/assert.go:209.105,211.63 2 0
github.com/blend/go-sdk/assert/assert.go:211.63,213.3 1 0
github.com/blend/go-sdk/assert/assert.go:217.109,219.68 2 0
github.com/blend/go-sdk/assert/assert.go:219.68,221.3 1 0
github.com/blend/go-sdk/assert/assert.go:225.117,227.70 2 0
github.com/blend/go-sdk/assert/assert.go:227.70,229.3 1 0
github.com/blend/go-sdk/assert/assert.go:233.118,235.71 2 0
github.com/blend/go-sdk/assert/assert.go:235.71,237.3 1 0
github.com/blend/go-sdk/assert/assert.go:241.105,243.63 2 0
github.com/blend/go-sdk/assert/assert.go:243.63,245.3 1 0
github.com/blend/go-sdk/assert/assert.go:249.109,251.68 2 0
github.com/blend/go-sdk/assert/assert.go:251.68,253.3 1 0
github.com/blend/go-sdk/assert/assert.go:257.117,259.70 2 0
github.com/blend/go-sdk/assert/assert.go:259.70,261.3 1 0
github.com/blend/go-sdk/assert/assert.go:265.118,267.71 2 0
github.com/blend/go-sdk/assert/assert.go:267.71,269.3 1 0
github.com/blend/go-sdk/assert/assert.go:273.106,275.64 2 0
github.com/blend/go-sdk/assert/assert.go:275.64,277.3 1 0
github.com/blend/go-sdk/assert/assert.go:281.110,283.69 2 0
github.com/blend/go-sdk/assert/assert.go:283.69,285.3 1 0
github.com/blend/go-sdk/assert/assert.go:289.118,291.71 2 0
github.com/blend/go-sdk/assert/assert.go:291.71,293.3 1 0
github.com/blend/go-sdk/assert/assert.go:297.119,299.72 2 0
github.com/blend/go-sdk/assert/assert.go:299.72,301.3 1 0
github.com/blend/go-sdk/assert/assert.go:305.68,307.2 1 0
github.com/blend/go-sdk/assert/assert.go:310.96,312.12 2 0
github.com/blend/go-sdk/assert/assert.go:312.12,313.10 1 0
github.com/blend/go-sdk/assert/assert.go:314.19,315.28 1 0
github.com/blend/go-sdk/assert/assert.go:316.23,318.10 2 0
github.com/blend/go-sdk/assert/assert.go:324.35,327.2 2 0
github.com/blend/go-sdk/assert/assert.go:334.32,336.2 1 1
github.com/blend/go-sdk/assert/assert.go:339.87,341.54 2 0
github.com/blend/go-sdk/assert/assert.go:345.2,345.13 1 0
github.com/blend/go-sdk/assert/assert.go:341.54,344.3 2 0
github.com/blend/go-sdk/assert/assert.go:349.90,351.57 2 0
github.com/blend/go-sdk/assert/assert.go:355.2,355.13 1 0
github.com/blend/go-sdk/assert/assert.go:351.57,354.3 2 0
github.com/blend/go-sdk/assert/assert.go:359.103,361.71 2 0
github.com/blend/go-sdk/assert/assert.go:365.2,365.13 1 0
github.com/blend/go-sdk/assert/assert.go:361.71,364.3 2 0
github.com/blend/go-sdk/assert/assert.go:369.93,371.60 2 0
github.com/blend/go-sdk/assert/assert.go:375.2,375.13 1 0
github.com/blend/go-sdk/assert/assert.go:371.60,374.3 2 0
github.com/blend/go-sdk/assert/assert.go:379.96,381.63 2 0
github.com/blend/go-sdk/assert/assert.go:385.2,385.13 1 0
github.com/blend/go-sdk/assert/assert.go:381.63,384.3 2 0
github.com/blend/go-sdk/assert/assert.go:389.111,391.66 2 0
github.com/blend/go-sdk/assert/assert.go:395.2,395.13 1 0
github.com/blend/go-sdk/assert/assert.go:391.66,394.3 2 0
github.com/blend/go-sdk/assert/assert.go:399.114,401.69 2 0
github.com/blend/go-sdk/assert/assert.go:405.2,405.13 1 0
github.com/blend/go-sdk/assert/assert.go:401.69,404.3 2 0
github.com/blend/go-sdk/assert/assert.go:409.87,411.54 2 0
github.com/blend/go-sdk/assert/assert.go:415.2,415.13 1 0
github.com/blend/go-sdk/assert/assert.go:411.54,414.3 2 0
github.com/blend/go-sdk/assert/assert.go:419.90,421.57 2 0
github.com/blend/go-sdk/assert/assert.go:425.2,425.13 1 0
github.com/blend/go-sdk/assert/assert.go:421.57,424.3 2 0
github.com/blend/go-sdk/assert/assert.go:429.81,431.55 2 1
github.com/blend/go-sdk/assert/assert.go:435.2,435.13 1 1
github.com/blend/go-sdk/assert/assert.go:431.55,434.3 2 1
github.com/blend/go-sdk/assert/assert.go:439.82,441.56 2 0
github.com/blend/go-sdk/assert/assert.go:445.2,445.13 1 0
github.com/blend/go-sdk/assert/assert.go:441.56,444.3 2 0
github.com/blend/go-sdk/assert/assert.go:449.92,451.63 2 0
github.com/blend/go-sdk/assert/assert.go:455.2,455.13 1 0
github.com/blend/go-sdk/assert/assert.go:451.63,454.3 2 0
github.com/blend/go-sdk/assert/assert.go:459.112,461.67 2 0
github.com/blend/go-sdk/assert/assert.go:465.2,465.13 1 0
github.com/blend/go-sdk/assert/assert.go:461.67,464.3 2 0
github.com/blend/go-sdk/assert/assert.go:469.91,471.60 2 0
github.com/blend/go-sdk/assert/assert.go:475.2,475.13 1 0
github.com/blend/go-sdk/assert/assert.go:471.60,474.3 2 0
github.com/blend/go-sdk/assert/assert.go:479.98,481.67 2 0
github.com/blend/go-sdk/assert/assert.go:485.2,485.13 1 0
github.com/blend/go-sdk/assert/assert.go:481.67,484.3 2 0
github.com/blend/go-sdk/assert/assert.go:489.108,491.63 2 0
github.com/blend/go-sdk/assert/assert.go:495.2,495.13 1 0
github.com/blend/go-sdk/assert/assert.go:491.63,494.3 2 0
github.com/blend/go-sdk/assert/assert.go:499.112,501.68 2 0
github.com/blend/go-sdk/assert/assert.go:505.2,505.13 1 0
github.com/blend/go-sdk/assert/assert.go:501.68,504.3 2 0
github.com/blend/go-sdk/assert/assert.go:509.120,511.70 2 0
github.com/blend/go-sdk/assert/assert.go:515.2,515.13 1 0
github.com/blend/go-sdk/assert/assert.go:511.70,514.3 2 0
github.com/blend/go-sdk/assert/assert.go:519.121,521.71 2 0
github.com/blend/go-sdk/assert/assert.go:525.2,525.13 1 0
github.com/blend/go-sdk/assert/assert.go:521.71,524.3 2 0
github.com/blend/go-sdk/assert/assert.go:529.108,531.63 2 0
github.com/blend/go-sdk/assert/assert.go:535.2,535.13 1 0
github.com/blend/go-sdk/assert/assert.go:531.63,534.3 2 0
github.com/blend/go-sdk/assert/assert.go:539.112,541.68 2 0
github.com/blend/go-sdk/assert/assert.go:545.2,545.13 1 0
github.com/blend/go-sdk/assert/assert.go:541.68,544.3 2 0
github.com/blend/go-sdk/assert/assert.go:549.120,551.70 2 0
github.com/blend/go-sdk/assert/assert.go:555.2,555.13 1 0
github.com/blend/go-sdk/assert/assert.go:551.70,554.3 2 0
github.com/blend/go-sdk/assert/assert.go:559.121,561.71 2 0
github.com/blend/go-sdk/assert/assert.go:565.2,565.13 1 0
github.com/blend/go-sdk/assert/assert.go:561.71,564.3 2 0
github.com/blend/go-sdk/assert/assert.go:569.109,571.64 2 0
github.com/blend/go-sdk/assert/assert.go:575.2,575.13 1 0
github.com/blend/go-sdk/assert/assert.go:571.64,574.3 2 0
github.com/blend/go-sdk/assert/assert.go:579.113,581.69 2 0
github.com/blend/go-sdk/assert/assert.go:585.2,585.13 1 0
github.com/blend/go-sdk/assert/assert.go:581.69,584.3 2 0
github.com/blend/go-sdk/assert/assert.go:589.121,591.71 2 0
github.com/blend/go-sdk/assert/assert.go:595.2,595.13 1 0
github.com/blend/go-sdk/assert/assert.go:591.71,594.3 2 0
github.com/blend/go-sdk/assert/assert.go:599.122,601.72 2 0
github.com/blend/go-sdk/assert/assert.go:605.2,605.13 1 0
github.com/blend/go-sdk/assert/assert.go:601.72,604.3 2 0
github.com/blend/go-sdk/assert/assert.go:609.63,611.2 1 0
github.com/blend/go-sdk/assert/assert.go:617.82,619.14 2 0
github.com/blend/go-sdk/assert/assert.go:619.14,621.3 1 0
github.com/blend/go-sdk/assert/assert.go:621.3,623.3 1 0
github.com/blend/go-sdk/assert/assert.go:626.79,629.26 2 1
github.com/blend/go-sdk/assert/assert.go:633.2,640.37 6 1
github.com/blend/go-sdk/assert/assert.go:629.26,631.3 1 1
github.com/blend/go-sdk/assert/assert.go:640.37,653.15 3 1
github.com/blend/go-sdk/assert/assert.go:653.15,655.4 1 0
github.com/blend/go-sdk/assert/assert.go:655.4,657.4 1 1
github.com/blend/go-sdk/assert/assert.go:659.3,668.15 2 0
github.com/blend/go-sdk/assert/assert.go:668.15,670.4 1 0
github.com/blend/go-sdk/assert/assert.go:670.4,672.4 1 0
github.com/blend/go-sdk/assert/assert.go:680.74,681.45 1 0
github.com/blend/go-sdk/assert/assert.go:685.2,685.21 1 0
github.com/blend/go-sdk/assert/assert.go:681.45,684.3 2 0
github.com/blend/go-sdk/assert/assert.go:688.62,689.40 1 0
github.com/blend/go-sdk/assert/assert.go:693.2,693.21 1 0
github.com/blend/go-sdk/assert/assert.go:689.40,692.3 2 0
github.com/blend/go-sdk/assert/assert.go:696.59,697.40 1 0
github.com/blend/go-sdk/assert/assert.go:701.2,701.21 1 0
github.com/blend/go-sdk/assert/assert.go:697.40,700.3 2 0
github.com/blend/go-sdk/assert/assert.go:704.65,705.33 1 1
github.com/blend/go-sdk/assert/assert.go:708.2,708.21 1 1
github.com/blend/go-sdk/assert/assert.go:705.33,707.3 1 1
github.com/blend/go-sdk/assert/assert.go:711.68,712.32 1 0
github.com/blend/go-sdk/assert/assert.go:715.2,715.21 1 0
github.com/blend/go-sdk/assert/assert.go:712.32,714.3 1 0
github.com/blend/go-sdk/assert/assert.go:718.56,719.19 1 1
github.com/blend/go-sdk/assert/assert.go:722.2,722.21 1 1
github.com/blend/go-sdk/assert/assert.go:719.19,721.3 1 1
github.com/blend/go-sdk/assert/assert.go:725.53,726.20 1 1
github.com/blend/go-sdk/assert/assert.go:729.2,729.21 1 1
github.com/blend/go-sdk/assert/assert.go:726.20,728.3 1 1
github.com/blend/go-sdk/assert/assert.go:732.46,733.12 1 1
github.com/blend/go-sdk/assert/assert.go:736.2,736.21 1 1
github.com/blend/go-sdk/assert/assert.go:733.12,735.3 1 1
github.com/blend/go-sdk/assert/assert.go:739.47,740.11 1 0
github.com/blend/go-sdk/assert/assert.go:743.2,743.21 1 0
github.com/blend/go-sdk/assert/assert.go:740.11,742.3 1 0
github.com/blend/go-sdk/assert/assert.go:746.53,747.20 1 0
github.com/blend/go-sdk/assert/assert.go:750.2,750.21 1 0
github.com/blend/go-sdk/assert/assert.go:747.20,749.3 1 0
github.com/blend/go-sdk/assert/assert.go:753.56,754.19 1 0
github.com/blend/go-sdk/assert/assert.go:757.2,757.21 1 0
github.com/blend/go-sdk/assert/assert.go:754.19,756.3 1 0
github.com/blend/go-sdk/assert/assert.go:760.54,762.16 2 0
github.com/blend/go-sdk/assert/assert.go:767.2,767.21 1 0
github.com/blend/go-sdk/assert/assert.go:762.16,766.3 3 0
github.com/blend/go-sdk/assert/assert.go:770.62,772.18 2 0
github.com/blend/go-sdk/assert/assert.go:776.2,776.21 1 0
github.com/blend/go-sdk/assert/assert.go:772.18,775.3 2 0
github.com/blend/go-sdk/assert/assert.go:779.82,781.20 2 1
github.com/blend/go-sdk/assert/assert.go:786.2,786.18 1 1
github.com/blend/go-sdk/assert/assert.go:790.2,790.21 1 1
github.com/blend/go-sdk/assert/assert.go:781.20,783.3 1 1
github.com/blend/go-sdk/assert/assert.go:783.3,785.3 1 1
github.com/blend/go-sdk/assert/assert.go:786.18,789.3 2 1
github.com/blend/go-sdk/assert/assert.go:793.61,794.42 1 1
github.com/blend/go-sdk/assert/assert.go:798.2,798.21 1 1
github.com/blend/go-sdk/assert/assert.go:794.42,797.3 2 1
github.com/blend/go-sdk/assert/assert.go:801.72,803.30 2 1
github.com/blend/go-sdk/assert/assert.go:807.2,808.30 2 1
github.com/blend/go-sdk/assert/assert.go:812.2,812.31 1 1
github.com/blend/go-sdk/assert/assert.go:816.2,816.31 1 1
github.com/blend/go-sdk/assert/assert.go:822.2,822.65 1 1
github.com/blend/go-sdk/assert/assert.go:803.30,805.3 1 0
github.com/blend/go-sdk/assert/assert.go:808.30,810.3 1 0
github.com/blend/go-sdk/assert/assert.go:812.31,814.3 1 1
github.com/blend/go-sdk/assert/assert.go:816.31,818.21 2 1
github.com/blend/go-sdk/assert/assert.go:818.21,820.4 1 1
github.com/blend/go-sdk/assert/assert.go:825.76,828.31 2 0
github.com/blend/go-sdk/assert/assert.go:834.2,834.65 1 0
github.com/blend/go-sdk/assert/assert.go:828.31,830.21 2 0
github.com/blend/go-sdk/assert/assert.go:830.21,832.4 1 0
github.com/blend/go-sdk/assert/assert.go:837.84,840.31 2 0
github.com/blend/go-sdk/assert/assert.go:846.2,846.65 1 0
github.com/blend/go-sdk/assert/assert.go:840.31,842.21 2 0
github.com/blend/go-sdk/assert/assert.go:842.21,844.4 1 0
github.com/blend/go-sdk/assert/assert.go:849.85,852.31 2 0
github.com/blend/go-sdk/assert/assert.go:858.2,858.65 1 0
github.com/blend/go-sdk/assert/assert.go:852.31,854.21 2 0
github.com/blend/go-sdk/assert/assert.go:854.21,856.4 1 0
github.com/blend/go-sdk/assert/assert.go:861.72,863.30 2 1
github.com/blend/go-sdk/assert/assert.go:867.2,868.30 2 1
github.com/blend/go-sdk/assert/assert.go:872.2,872.31 1 1
github.com/blend/go-sdk/assert/assert.go:876.2,876.31 1 1
github.com/blend/go-sdk/assert/assert.go:882.2,882.21 1 1
github.com/blend/go-sdk/assert/assert.go:863.30,865.3 1 0
github.com/blend/go-sdk/assert/assert.go:868.30,870.3 1 0
github.com/blend/go-sdk/assert/assert.go:872.31,874.3 1 1
github.com/blend/go-sdk/assert/assert.go:876.31,878.22 2 1
github.com/blend/go-sdk/assert/assert.go:878.22,880.4 1 1
github.com/blend/go-sdk/assert/assert.go:885.76,888.31 2 0
github.com/blend/go-sdk/assert/assert.go:894.2,894.21 1 0
github.com/blend/go-sdk/assert/assert.go:888.31,890.22 2 0
github.com/blend/go-sdk/assert/assert.go:890.22,892.4 1 0
github.com/blend/go-sdk/assert/assert.go:897.84,900.31 2 0
github.com/blend/go-sdk/assert/assert.go:906.2,906.21 1 0
github.com/blend/go-sdk/assert/assert.go:900.31,902.22 2 0
github.com/blend/go-sdk/assert/assert.go:902.22,904.4 1 0
github.com/blend/go-sdk/assert/assert.go:909.85,912.31 2 0
github.com/blend/go-sdk/assert/assert.go:918.2,918.21 1 0
github.com/blend/go-sdk/assert/assert.go:912.31,914.22 2 0
github.com/blend/go-sdk/assert/assert.go:914.22,916.4 1 0
github.com/blend/go-sdk/assert/assert.go:921.73,923.30 2 1
github.com/blend/go-sdk/assert/assert.go:927.2,928.30 2 1
github.com/blend/go-sdk/assert/assert.go:932.2,932.31 1 1
github.com/blend/go-sdk/assert/assert.go:936.2,936.31 1 1
github.com/blend/go-sdk/assert/assert.go:942.2,942.21 1 1
github.com/blend/go-sdk/assert/assert.go:923.30,925.3 1 0
github.com/blend/go-sdk/assert/assert.go:928.30,930.3 1 0
github.com/blend/go-sdk/assert/assert.go:932.31,934.3 1 0
github.com/blend/go-sdk/assert/assert.go:936.31,938.21 2 1
github.com/blend/go-sdk/assert/assert.go:938.21,940.4 1 1
github.com/blend/go-sdk/assert/assert.go:945.77,948.31 2 0
github.com/blend/go-sdk/assert/assert.go:954.2,954.21 1 0
github.com/blend/go-sdk/assert/assert.go:948.31,950.21 2 0
github.com/blend/go-sdk/assert/assert.go:950.21,952.4 1 0
github.com/blend/go-sdk/assert/assert.go:957.85,960.31 2 0
github.com/blend/go-sdk/assert/assert.go:966.2,966.21 1 0
github.com/blend/go-sdk/assert/assert.go:960.31,962.21 2 0
github.com/blend/go-sdk/assert/assert.go:962.21,964.4 1 0
github.com/blend/go-sdk/assert/assert.go:969.86,972.31 2 0
github.com/blend/go-sdk/assert/assert.go:978.2,978.21 1 0
github.com/blend/go-sdk/assert/assert.go:972.31,974.21 2 0
github.com/blend/go-sdk/assert/assert.go:974.21,976.4 1 0
github.com/blend/go-sdk/assert/assert.go:985.44,987.2 1 1
github.com/blend/go-sdk/assert/assert.go:989.83,996.2 3 1
github.com/blend/go-sdk/assert/assert.go:998.65,1002.2 2 1
github.com/blend/go-sdk/assert/assert.go:1004.59,1006.2 1 0
github.com/blend/go-sdk/assert/assert.go:1008.56,1010.2 1 1
github.com/blend/go-sdk/assert/assert.go:1012.40,1013.19 1 1
github.com/blend/go-sdk/assert/assert.go:1019.2,1021.25 2 1
github.com/blend/go-sdk/assert/assert.go:1029.2,1029.10 1 0
github.com/blend/go-sdk/assert/assert.go:1013.19,1015.3 1 0
github.com/blend/go-sdk/assert/assert.go:1015.3,1015.25 1 1
github.com/blend/go-sdk/assert/assert.go:1015.25,1017.3 1 1
github.com/blend/go-sdk/assert/assert.go:1022.19,1023.14 1 1
github.com/blend/go-sdk/assert/assert.go:1024.51,1025.3 1 1
github.com/blend/go-sdk/assert/assert.go:1025.3,1027.4 1 1
github.com/blend/go-sdk/assert/assert.go:1032.37,1033.19 1 1
github.com/blend/go-sdk/assert/assert.go:1037.2,1039.68 3 1
github.com/blend/go-sdk/assert/assert.go:1042.2,1042.14 1 1
github.com/blend/go-sdk/assert/assert.go:1033.19,1035.3 1 0
github.com/blend/go-sdk/assert/assert.go:1039.68,1041.3 1 1
github.com/blend/go-sdk/assert/assert.go:1045.37,1047.2 1 1
github.com/blend/go-sdk/assert/assert.go:1049.50,1050.38 1 1
github.com/blend/go-sdk/assert/assert.go:1053.2,1053.78 1 1
github.com/blend/go-sdk/assert/assert.go:1057.2,1058.23 2 1
github.com/blend/go-sdk/assert/assert.go:1061.2,1062.79 2 1
github.com/blend/go-sdk/assert/assert.go:1066.2,1066.44 1 0
github.com/blend/go-sdk/assert/assert.go:1050.38,1052.3 1 0
github.com/blend/go-sdk/assert/assert.go:1053.78,1055.3 1 0
github.com/blend/go-sdk/assert/assert.go:1058.23,1060.3 1 0
github.com/blend/go-sdk/assert/assert.go:1062.79,1064.3 1 1
github.com/blend/go-sdk/assert/assert.go:1069.28,1077.20 7 1
github.com/blend/go-sdk/assert/assert.go:1110.2,1110.16 1 1
github.com/blend/go-sdk/assert/assert.go:1077.20,1079.10 2 1
github.com/blend/go-sdk/assert/assert.go:1083.3,1083.32 1 1
github.com/blend/go-sdk/assert/assert.go:1087.3,1090.81 4 1
github.com/blend/go-sdk/assert/assert.go:1094.3,1095.15 2 1
github.com/blend/go-sdk/assert/assert.go:1098.3,1105.28 4 1
github.com/blend/go-sdk/assert/assert.go:1079.10,1081.4 1 0
github.com/blend/go-sdk/assert/assert.go:1083.32,1084.9 1 0
github.com/blend/go-sdk/assert/assert.go:1090.81,1092.4 1 0
github.com/blend/go-sdk/assert/assert.go:1095.15,1096.9 1 0
github.com/blend/go-sdk/assert/assert.go:1105.28,1106.9 1 1
github.com/blend/go-sdk/assert/assert.go:1113.51,1115.2 1 1
github.com/blend/go-sdk/assert/assert.go:1117.49,1119.2 1 0
github.com/blend/go-sdk/assert/assert.go:1121.39,1122.38 1 1
github.com/blend/go-sdk/assert/assert.go:1125.2,1125.30 1 1
github.com/blend/go-sdk/assert/assert.go:1128.2,1129.31 2 1
github.com/blend/go-sdk/assert/assert.go:1122.38,1124.3 1 1
github.com/blend/go-sdk/assert/assert.go:1125.30,1127.3 1 0
github.com/blend/go-sdk/assert/assert.go:1132.30,1134.9 2 1
github.com/blend/go-sdk/assert/assert.go:1137.2,1140.76 3 1
github.com/blend/go-sdk/assert/assert.go:1134.9,1136.3 1 0
github.com/blend/go-sdk/collections/set.go:9.42,11.27 2 1
github.com/blend/go-sdk/collections/set.go:14.2,14.12 1 1
github.com/blend/go-sdk/collections/set.go:11.27,13.3 1 1
github.com/blend/go-sdk/collections/set.go:21.31,23.2 1 1
github.com/blend/go-sdk/collections/set.go:26.34,28.2 1 1
github.com/blend/go-sdk/collections/set.go:31.41,34.2 2 1
github.com/blend/go-sdk/collections/set.go:37.30,39.2 1 1
github.com/blend/go-sdk/collections/set.go:42.36,44.22 2 0
github.com/blend/go-sdk/collections/set.go:47.2,47.15 1 0
github.com/blend/go-sdk/collections/set.go:44.22,46.3 1 0
github.com/blend/go-sdk/collections/set.go:51.51,53.20 2 1
github.com/blend/go-sdk/collections/set.go:57.2,57.23 1 1
github.com/blend/go-sdk/collections/set.go:60.2,60.14 1 1
github.com/blend/go-sdk/collections/set.go:53.20,55.3 1 1
github.com/blend/go-sdk/collections/set.go:57.23,59.3 1 1
github.com/blend/go-sdk/collections/set.go:64.55,66.20 2 1
github.com/blend/go-sdk/collections/set.go:71.2,71.21 1 1
github.com/blend/go-sdk/collections/set.go:66.20,67.24 1 1
github.com/blend/go-sdk/collections/set.go:67.24,69.4 1 1
github.com/blend/go-sdk/collections/set.go:75.56,77.20 2 1
github.com/blend/go-sdk/collections/set.go:82.2,82.23 1 1
github.com/blend/go-sdk/collections/set.go:87.2,87.19 1 1
github.com/blend/go-sdk/collections/set.go:77.20,78.25 1 1
github.com/blend/go-sdk/collections/set.go:78.25,80.4 1 1
github.com/blend/go-sdk/collections/set.go:82.23,83.22 1 1
github.com/blend/go-sdk/collections/set.go:83.22,85.4 1 1
github.com/blend/go-sdk/collections/set.go:92.52,93.20 1 1
github.com/blend/go-sdk/collections/set.go:98.2,98.13 1 1
github.com/blend/go-sdk/collections/set.go:93.20,94.25 1 1
github.com/blend/go-sdk/collections/set.go:94.25,96.4 1 1
github.com/blend/go-sdk/collections/set.go:102.36,104.22 2 0
github.com/blend/go-sdk/collections/set.go:107.2,107.15 1 0
github.com/blend/go-sdk/collections/set.go:104.22,106.3 1 0
github.com/blend/go-sdk/collections/set.go:111.36,113.33 2 0
github.com/blend/go-sdk/collections/set.go:117.2,117.35 1 0
github.com/blend/go-sdk/collections/set.go:113.33,115.3 1 0
github.com/blend/go-sdk/collections/set.go:121.51,123.27 2 1
github.com/blend/go-sdk/collections/set.go:126.2,126.12 1 1
github.com/blend/go-sdk/collections/set.go:123.27,125.3 1 1
github.com/blend/go-sdk/collections/set.go:133.41,134.41 1 1
github.com/blend/go-sdk/collections/set.go:134.41,136.3 1 1
github.com/blend/go-sdk/collections/set.go:140.49,141.40 1 1
github.com/blend/go-sdk/collections/set.go:145.2,145.14 1 0
github.com/blend/go-sdk/collections/set.go:141.40,144.3 2 1
github.com/blend/go-sdk/collections/set.go:149.51,152.2 2 1
github.com/blend/go-sdk/collections/set.go:155.33,157.2 1 1
github.com/blend/go-sdk/collections/set.go:160.42,162.22 2 0
github.com/blend/go-sdk/collections/set.go:165.2,165.15 1 0
github.com/blend/go-sdk/collections/set.go:162.22,164.3 1 0
github.com/blend/go-sdk/collections/set.go:169.60,171.20 2 1
github.com/blend/go-sdk/collections/set.go:175.2,175.23 1 1
github.com/blend/go-sdk/collections/set.go:178.2,178.14 1 1
github.com/blend/go-sdk/collections/set.go:171.20,173.3 1 1
github.com/blend/go-sdk/collections/set.go:175.23,177.3 1 1
github.com/blend/go-sdk/collections/set.go:182.64,184.20 2 1
github.com/blend/go-sdk/collections/set.go:189.2,189.21 1 1
github.com/blend/go-sdk/collections/set.go:184.20,185.24 1 1
github.com/blend/go-sdk/collections/set.go:185.24,187.4 1 1
github.com/blend/go-sdk/collections/set.go:193.65,195.20 2 1
github.com/blend/go-sdk/collections/set.go:200.2,200.23 1 1
github.com/blend/go-sdk/collections/set.go:205.2,205.19 1 1
github.com/blend/go-sdk/collections/set.go:195.20,196.25 1 1
github.com/blend/go-sdk/collections/set.go:196.25,198.4 1 1
github.com/blend/go-sdk/collections/set.go:200.23,201.22 1 1
github.com/blend/go-sdk/collections/set.go:201.22,203.4 1 1
github.com/blend/go-sdk/collections/set.go:210.58,211.20 1 1
github.com/blend/go-sdk/collections/set.go:216.2,216.13 1 1
github.com/blend/go-sdk/collections/set.go:211.20,212.25 1 1
github.com/blend/go-sdk/collections/set.go:212.25,214.4 1 1
github.com/blend/go-sdk/collections/set.go:220.42,222.22 2 0
github.com/blend/go-sdk/collections/set.go:225.2,225.15 1 0
github.com/blend/go-sdk/collections/set.go:222.22,224.3 1 0
github.com/blend/go-sdk/collections/set.go:229.39,231.2 1 0
github.com/blend/go-sdk/collections/string_array.go:13.50,14.31 1 1
github.com/blend/go-sdk/collections/string_array.go:19.2,19.14 1 1
github.com/blend/go-sdk/collections/string_array.go:14.31,15.24 1 1
github.com/blend/go-sdk/collections/string_array.go:15.24,17.4 1 1
github.com/blend/go-sdk/collections/string_array.go:23.55,24.31 1 1
github.com/blend/go-sdk/collections/string_array.go:29.2,29.14 1 1
github.com/blend/go-sdk/collections/string_array.go:24.31,25.41 1 1
github.com/blend/go-sdk/collections/string_array.go:25.41,27.4 1 1
github.com/blend/go-sdk/collections/string_array.go:33.54,34.31 1 1
github.com/blend/go-sdk/collections/string_array.go:39.2,39.25 1 1
github.com/blend/go-sdk/collections/string_array.go:34.31,35.41 1 1
github.com/blend/go-sdk/collections/string_array.go:35.41,37.4 1 1
github.com/blend/go-sdk/collections/sync_ring_buffer.go:8.42,13.2 1 1
github.com/blend/go-sdk/collections/sync_ring_buffer.go:16.66,21.2 1 0
github.com/blend/go-sdk/collections/sync_ring_buffer.go:30.51,32.2 1 0
github.com/blend/go-sdk/collections/sync_ring_buffer.go:35.53,37.2 1 0
github.com/blend/go-sdk/collections/sync_ring_buffer.go:41.43,46.2 4 1
github.com/blend/go-sdk/collections/sync_ring_buffer.go:49.49,54.2 4 0
github.com/blend/go-sdk/collections/sync_ring_buffer.go:57.55,61.2 3 1
github.com/blend/go-sdk/collections/sync_ring_buffer.go:64.56,69.2 4 1
github.com/blend/go-sdk/collections/sync_ring_buffer.go:72.53,77.2 4 1
github.com/blend/go-sdk/collections/sync_ring_buffer.go:80.57,85.2 4 1
github.com/blend/go-sdk/collections/sync_ring_buffer.go:88.41,92.2 3 0
github.com/blend/go-sdk/collections/sync_ring_buffer.go:95.59,100.2 4 1
github.com/blend/go-sdk/collections/sync_ring_buffer.go:103.36,107.2 3 1
github.com/blend/go-sdk/collections/sync_ring_buffer.go:110.56,115.2 4 0
github.com/blend/go-sdk/collections/sync_ring_buffer.go:118.67,122.2 3 1
github.com/blend/go-sdk/collections/sync_ring_buffer.go:125.70,129.2 3 1
github.com/blend/go-sdk/collections/sync_ring_buffer.go:132.77,136.2 3 0
github.com/blend/go-sdk/collections/sync_ring_buffer.go:139.84,143.2 3 0
github.com/blend/go-sdk/collections/types.go:7.31,7.51 1 0
github.com/blend/go-sdk/collections/autoflush_buffer.go:9.78,19.2 1 1
github.com/blend/go-sdk/collections/autoflush_buffer.go:44.75,47.2 2 0
github.com/blend/go-sdk/collections/autoflush_buffer.go:50.54,52.2 1 0
github.com/blend/go-sdk/collections/autoflush_buffer.go:55.53,57.2 1 0
github.com/blend/go-sdk/collections/autoflush_buffer.go:60.41,62.2 1 0
github.com/blend/go-sdk/collections/autoflush_buffer.go:65.88,68.2 2 1
github.com/blend/go-sdk/collections/autoflush_buffer.go:71.36,75.16 3 1
github.com/blend/go-sdk/collections/autoflush_buffer.go:78.2,78.17 1 1
github.com/blend/go-sdk/collections/autoflush_buffer.go:75.16,77.3 1 0
github.com/blend/go-sdk/collections/autoflush_buffer.go:82.35,86.17 3 1
github.com/blend/go-sdk/collections/autoflush_buffer.go:89.2,90.14 2 1
github.com/blend/go-sdk/collections/autoflush_buffer.go:86.17,88.3 1 0
github.com/blend/go-sdk/collections/autoflush_buffer.go:95.41,100.36 4 1
github.com/blend/go-sdk/collections/autoflush_buffer.go:100.36,102.3 1 1
github.com/blend/go-sdk/collections/autoflush_buffer.go:106.49,110.27 3 0
github.com/blend/go-sdk/collections/autoflush_buffer.go:110.27,112.37 2 0
github.com/blend/go-sdk/collections/autoflush_buffer.go:112.37,114.4 1 0
github.com/blend/go-sdk/collections/autoflush_buffer.go:120.36,124.2 3 1
github.com/blend/go-sdk/collections/autoflush_buffer.go:128.41,132.2 3 1
github.com/blend/go-sdk/collections/autoflush_buffer.go:135.47,136.23 1 1
github.com/blend/go-sdk/collections/autoflush_buffer.go:136.23,137.28 1 1
github.com/blend/go-sdk/collections/autoflush_buffer.go:137.28,140.4 2 1
github.com/blend/go-sdk/collections/autoflush_buffer.go:141.3,143.3 1 0
github.com/blend/go-sdk/collections/autoflush_buffer.go:147.42,148.23 1 1
github.com/blend/go-sdk/collections/autoflush_buffer.go:148.23,149.28 1 1
github.com/blend/go-sdk/collections/autoflush_buffer.go:149.28,151.4 1 0
github.com/blend/go-sdk/collections/autoflush_buffer.go:152.3,154.3 1 0
github.com/blend/go-sdk/collections/autoflush_buffer.go:157.38,162.6 4 1
github.com/blend/go-sdk/collections/autoflush_buffer.go:162.6,163.10 1 1
github.com/blend/go-sdk/collections/autoflush_buffer.go:164.20,165.19 1 1
github.com/blend/go-sdk/collections/autoflush_buffer.go:166.19,167.23 1 1
github.com/blend/go-sdk/collections/autoflush_buffer.go:170.4,171.10 2 1
github.com/blend/go-sdk/collections/autoflush_buffer.go:167.23,169.5 1 1
github.com/blend/go-sdk/collections/channel_queue.go:6.62,8.2 1 1
github.com/blend/go-sdk/collections/channel_queue.go:18.35,20.2 1 1
github.com/blend/go-sdk/collections/channel_queue.go:23.51,25.2 1 1
github.com/blend/go-sdk/collections/channel_queue.go:28.47,29.26 1 1
github.com/blend/go-sdk/collections/channel_queue.go:32.2,32.12 1 1
github.com/blend/go-sdk/collections/channel_queue.go:29.26,31.3 1 1
github.com/blend/go-sdk/collections/channel_queue.go:36.44,37.26 1 0
github.com/blend/go-sdk/collections/channel_queue.go:40.2,40.25 1 0
github.com/blend/go-sdk/collections/channel_queue.go:37.26,39.3 1 0
github.com/blend/go-sdk/collections/channel_queue.go:44.48,45.26 1 0
github.com/blend/go-sdk/collections/channel_queue.go:48.2,48.41 1 0
github.com/blend/go-sdk/collections/channel_queue.go:45.26,47.3 1 0
github.com/blend/go-sdk/collections/channel_queue.go:52.33,54.2 1 0
github.com/blend/go-sdk/collections/channel_queue.go:57.64,58.26 1 0
github.com/blend/go-sdk/collections/channel_queue.go:61.2,62.27 2 0
github.com/blend/go-sdk/collections/channel_queue.go:67.2,67.27 1 0
github.com/blend/go-sdk/collections/channel_queue.go:58.26,60.3 1 0
github.com/blend/go-sdk/collections/channel_queue.go:62.27,66.3 3 0
github.com/blend/go-sdk/collections/channel_queue.go:67.27,69.3 1 0
github.com/blend/go-sdk/collections/channel_queue.go:73.67,74.26 1 0
github.com/blend/go-sdk/collections/channel_queue.go:77.2,77.27 1 0
github.com/blend/go-sdk/collections/channel_queue.go:74.26,76.3 1 0
github.com/blend/go-sdk/collections/channel_queue.go:77.27,80.3 2 0
github.com/blend/go-sdk/collections/channel_queue.go:84.74,86.37 2 0
github.com/blend/go-sdk/collections/channel_queue.go:86.37,87.28 1 0
github.com/blend/go-sdk/collections/channel_queue.go:87.28,89.4 1 0
github.com/blend/go-sdk/collections/channel_queue.go:94.81,96.42 2 0
github.com/blend/go-sdk/collections/channel_queue.go:96.42,97.28 1 0
github.com/blend/go-sdk/collections/channel_queue.go:97.28,99.4 1 0
github.com/blend/go-sdk/collections/channel_queue.go:104.50,106.27 2 1
github.com/blend/go-sdk/collections/channel_queue.go:110.2,110.27 1 1
github.com/blend/go-sdk/collections/channel_queue.go:113.2,113.15 1 1
github.com/blend/go-sdk/collections/channel_queue.go:106.27,109.3 2 1
github.com/blend/go-sdk/collections/channel_queue.go:110.27,112.3 1 1
github.com/blend/go-sdk/collections/channel_queue.go:117.47,119.27 2 0
github.com/blend/go-sdk/collections/channel_queue.go:123.2,123.15 1 0
github.com/blend/go-sdk/collections/channel_queue.go:119.27,122.3 2 0
github.com/blend/go-sdk/collections/rate_limiter.go:8.78,14.2 1 1
github.com/blend/go-sdk/collections/rate_limiter.go:24.46,26.15 2 1
github.com/blend/go-sdk/collections/rate_limiter.go:31.2,33.38 3 1
github.com/blend/go-sdk/collections/rate_limiter.go:37.2,38.45 2 1
github.com/blend/go-sdk/collections/rate_limiter.go:26.15,29.3 2 1
github.com/blend/go-sdk/collections/rate_limiter.go:33.38,35.3 1 1
github.com/blend/go-sdk/collections/linked_list.go:10.34,12.2 1 1
github.com/blend/go-sdk/collections/linked_list.go:23.32,25.2 1 1
github.com/blend/go-sdk/collections/linked_list.go:28.49,31.19 2 1
github.com/blend/go-sdk/collections/linked_list.go:40.2,40.25 1 1
github.com/blend/go-sdk/collections/linked_list.go:31.19,34.3 2 1
github.com/blend/go-sdk/collections/linked_list.go:34.3,38.3 3 1
github.com/blend/go-sdk/collections/linked_list.go:44.44,45.19 1 1
github.com/blend/go-sdk/collections/linked_list.go:49.2,51.39 2 1
github.com/blend/go-sdk/collections/linked_list.go:61.2,62.18 2 1
github.com/blend/go-sdk/collections/linked_list.go:45.19,47.3 1 1
github.com/blend/go-sdk/collections/linked_list.go:51.39,54.3 2 1
github.com/blend/go-sdk/collections/linked_list.go:54.3,56.20 2 1
github.com/blend/go-sdk/collections/linked_list.go:56.20,58.4 1 1
github.com/blend/go-sdk/collections/linked_list.go:66.41,67.19 1 1
github.com/blend/go-sdk/collections/linked_list.go:70.2,70.21 1 1
github.com/blend/go-sdk/collections/linked_list.go:67.19,69.3 1 1
github.com/blend/go-sdk/collections/linked_list.go:74.45,75.19 1 1
github.com/blend/go-sdk/collections/linked_list.go:78.2,78.21 1 1
github.com/blend/go-sdk/collections/linked_list.go:75.19,77.3 1 1
github.com/blend/go-sdk/collections/linked_list.go:82.30,86.2 3 0
github.com/blend/go-sdk/collections/linked_list.go:89.44,90.19 1 0
github.com/blend/go-sdk/collections/linked_list.go:94.2,97.21 4 0
github.com/blend/go-sdk/collections/linked_list.go:102.2,105.17 4 0
github.com/blend/go-sdk/collections/linked_list.go:90.19,92.3 1 0
github.com/blend/go-sdk/collections/linked_list.go:97.21,101.3 3 0
github.com/blend/go-sdk/collections/linked_list.go:109.61,110.19 1 0
github.com/blend/go-sdk/collections/linked_list.go:114.2,115.21 2 0
github.com/blend/go-sdk/collections/linked_list.go:110.19,112.3 1 0
github.com/blend/go-sdk/collections/linked_list.go:115.21,118.3 2 0
github.com/blend/go-sdk/collections/linked_list.go:122.64,123.19 1 0
github.com/blend/go-sdk/collections/linked_list.go:127.2,128.21 2 0
github.com/blend/go-sdk/collections/linked_list.go:132.2,134.14 3 0
github.com/blend/go-sdk/collections/linked_list.go:123.19,125.3 1 0
github.com/blend/go-sdk/collections/linked_list.go:128.21,131.3 2 0
github.com/blend/go-sdk/collections/linked_list.go:138.71,139.19 1 0
github.com/blend/go-sdk/collections/linked_list.go:143.2,144.21 2 0
github.com/blend/go-sdk/collections/linked_list.go:139.19,141.3 1 0
github.com/blend/go-sdk/collections/linked_list.go:144.21,145.31 1 0
github.com/blend/go-sdk/collections/linked_list.go:148.3,148.29 1 0
github.com/blend/go-sdk/collections/linked_list.go:145.31,147.4 1 0
github.com/blend/go-sdk/collections/linked_list.go:153.78,154.19 1 0
github.com/blend/go-sdk/collections/linked_list.go:158.2,159.21 2 0
github.com/blend/go-sdk/collections/linked_list.go:154.19,156.3 1 0
github.com/blend/go-sdk/collections/linked_list.go:159.21,160.31 1 0
github.com/blend/go-sdk/collections/linked_list.go:163.3,163.25 1 0
github.com/blend/go-sdk/collections/linked_list.go:160.31,162.4 1 0
github.com/blend/go-sdk/collections/linked_list.go:168.47,169.19 1 1
github.com/blend/go-sdk/collections/linked_list.go:173.2,175.21 3 1
github.com/blend/go-sdk/collections/linked_list.go:179.2,179.15 1 1
github.com/blend/go-sdk/collections/linked_list.go:169.19,171.3 1 1
github.com/blend/go-sdk/collections/linked_list.go:175.21,178.3 2 1
github.com/blend/go-sdk/collections/ring_buffer.go:20.34,27.2 1 1
github.com/blend/go-sdk/collections/ring_buffer.go:30.58,37.2 1 1
github.com/blend/go-sdk/collections/ring_buffer.go:40.64,47.2 1 0
github.com/blend/go-sdk/collections/ring_buffer.go:61.39,63.2 1 1
github.com/blend/go-sdk/collections/ring_buffer.go:66.38,68.2 1 0
github.com/blend/go-sdk/collections/ring_buffer.go:71.31,72.23 1 1
github.com/blend/go-sdk/collections/ring_buffer.go:79.2,81.13 3 1
github.com/blend/go-sdk/collections/ring_buffer.go:72.23,74.3 1 0
github.com/blend/go-sdk/collections/ring_buffer.go:74.3,77.3 2 1
github.com/blend/go-sdk/collections/ring_buffer.go:85.51,86.30 1 1
github.com/blend/go-sdk/collections/ring_buffer.go:94.2,96.11 3 1
github.com/blend/go-sdk/collections/ring_buffer.go:86.30,88.60 2 1
github.com/blend/go-sdk/collections/ring_buffer.go:91.3,91.30 1 1
github.com/blend/go-sdk/collections/ring_buffer.go:88.60,90.4 1 0
github.com/blend/go-sdk/collections/ring_buffer.go:100.45,101.18 1 1
github.com/blend/go-sdk/collections/ring_buffer.go:105.2,109.16 4 1
github.com/blend/go-sdk/collections/ring_buffer.go:101.18,103.3 1 0
github.com/blend/go-sdk/collections/ring_buffer.go:113.42,114.18 1 1
github.com/blend/go-sdk/collections/ring_buffer.go:117.2,117.26 1 1
github.com/blend/go-sdk/collections/ring_buffer.go:114.18,116.3 1 1
github.com/blend/go-sdk/collections/ring_buffer.go:121.46,122.18 1 1
github.com/blend/go-sdk/collections/ring_buffer.go:125.2,125.18 1 1
github.com/blend/go-sdk/collections/ring_buffer.go:128.2,128.28 1 1
github.com/blend/go-sdk/collections/ring_buffer.go:122.18,124.3 1 1
github.com/blend/go-sdk/collections/ring_buffer.go:125.18,127.3 1 1
github.com/blend/go-sdk/collections/ring_buffer.go:131.49,133.17 2 1
github.com/blend/go-sdk/collections/ring_buffer.go:141.2,143.25 3 1
github.com/blend/go-sdk/collections/ring_buffer.go:133.17,134.24 1 1
github.com/blend/go-sdk/collections/ring_buffer.go:134.24,136.4 1 0
github.com/blend/go-sdk/collections/ring_buffer.go:136.4,139.4 2 1
github.com/blend/go-sdk/collections/ring_buffer.go:143.25,145.3 1 0
github.com/blend/go-sdk/collections/ring_buffer.go:145.3,147.3 1 1
github.com/blend/go-sdk/collections/ring_buffer.go:151.36,153.30 2 0
github.com/blend/go-sdk/collections/ring_buffer.go:153.30,155.3 1 0
github.com/blend/go-sdk/collections/ring_buffer.go:159.48,162.18 2 1
github.com/blend/go-sdk/collections/ring_buffer.go:166.2,166.23 1 1
github.com/blend/go-sdk/collections/ring_buffer.go:176.2,176.17 1 1
github.com/blend/go-sdk/collections/ring_buffer.go:162.18,164.3 1 0
github.com/blend/go-sdk/collections/ring_buffer.go:166.23,169.3 2 1
github.com/blend/go-sdk/collections/ring_buffer.go:169.3,174.3 4 0
github.com/blend/go-sdk/collections/ring_buffer.go:180.45,183.18 2 1
github.com/blend/go-sdk/collections/ring_buffer.go:187.2,187.23 1 1
github.com/blend/go-sdk/collections/ring_buffer.go:194.2,198.17 4 1
github.com/blend/go-sdk/collections/ring_buffer.go:183.18,185.3 1 0
github.com/blend/go-sdk/collections/ring_buffer.go:187.23,189.3 1 1
github.com/blend/go-sdk/collections/ring_buffer.go:189.3,192.3 2 1
github.com/blend/go-sdk/collections/ring_buffer.go:202.62,203.18 1 1
github.com/blend/go-sdk/collections/ring_buffer.go:207.2,207.23 1 1
github.com/blend/go-sdk/collections/ring_buffer.go:203.18,205.3 1 0
github.com/blend/go-sdk/collections/ring_buffer.go:207.23,208.53 1 0
github.com/blend/go-sdk/collections/ring_buffer.go:208.53,210.4 1 0
github.com/blend/go-sdk/collections/ring_buffer.go:211.3,212.59 1 1
github.com/blend/go-sdk/collections/ring_buffer.go:215.3,215.47 1 1
github.com/blend/go-sdk/collections/ring_buffer.go:212.59,214.4 1 1
github.com/blend/go-sdk/collections/ring_buffer.go:215.47,217.4 1 0
github.com/blend/go-sdk/collections/ring_buffer.go:222.65,223.18 1 1
github.com/blend/go-sdk/collections/ring_buffer.go:227.2,228.27 2 1
github.com/blend/go-sdk/collections/ring_buffer.go:223.18,225.3 1 0
github.com/blend/go-sdk/collections/ring_buffer.go:228.27,230.3 1 1
github.com/blend/go-sdk/collections/ring_buffer.go:234.72,235.18 1 1
github.com/blend/go-sdk/collections/ring_buffer.go:239.2,239.23 1 1
github.com/blend/go-sdk/collections/ring_buffer.go:235.18,237.3 1 0
github.com/blend/go-sdk/collections/ring_buffer.go:239.23,240.53 1 0
github.com/blend/go-sdk/collections/ring_buffer.go:240.53,241.35 1 0
github.com/blend/go-sdk/collections/ring_buffer.go:241.35,243.5 1 0
github.com/blend/go-sdk/collections/ring_buffer.go:245.3,246.59 1 1
github.com/blend/go-sdk/collections/ring_buffer.go:251.3,251.47 1 0
github.com/blend/go-sdk/collections/ring_buffer.go:246.59,247.35 1 1
github.com/blend/go-sdk/collections/ring_buffer.go:247.35,249.5 1 1
github.com/blend/go-sdk/collections/ring_buffer.go:251.47,252.35 1 0
github.com/blend/go-sdk/collections/ring_buffer.go:252.35,254.5 1 0
github.com/blend/go-sdk/collections/ring_buffer.go:260.79,261.18 1 1
github.com/blend/go-sdk/collections/ring_buffer.go:265.2,265.23 1 1
github.com/blend/go-sdk/collections/ring_buffer.go:261.18,263.3 1 0
github.com/blend/go-sdk/collections/ring_buffer.go:265.23,266.58 1 1
github.com/blend/go-sdk/collections/ring_buffer.go:266.58,267.35 1 1
github.com/blend/go-sdk/collections/ring_buffer.go:267.35,269.5 1 1
github.com/blend/go-sdk/collections/ring_buffer.go:271.3,272.47 1 1
github.com/blend/go-sdk/collections/ring_buffer.go:277.3,277.64 1 1
github.com/blend/go-sdk/collections/ring_buffer.go:272.47,273.35 1 0
github.com/blend/go-sdk/collections/ring_buffer.go:273.35,275.5 1 0
github.com/blend/go-sdk/collections/ring_buffer.go:277.64,278.35 1 1
github.com/blend/go-sdk/collections/ring_buffer.go:278.35,280.5 1 1
github.com/blend/go-sdk/collections/ring_buffer.go:286.39,288.37 2 0
github.com/blend/go-sdk/collections/ring_buffer.go:291.2,291.37 1 0
github.com/blend/go-sdk/collections/ring_buffer.go:288.37,290.3 1 0
github.com/blend/go-sdk/collections/ring_buffer.go:294.58,295.30 1 1
github.com/blend/go-sdk/collections/ring_buffer.go:295.30,298.3 2 1
github.com/blend/go-sdk/collections/ring_buffer.go:301.112,302.30 1 1
github.com/blend/go-sdk/collections/ring_buffer.go:302.30,307.3 3 1
github.com/blend/go-sdk/configutil/config_util.go:32.38,33.37 1 0
github.com/blend/go-sdk/configutil/config_util.go:36.2,36.23 1 0
github.com/blend/go-sdk/configutil/config_util.go:39.2,39.11 1 0
github.com/blend/go-sdk/configutil/config_util.go:33.37,35.3 1 0
github.com/blend/go-sdk/configutil/config_util.go:36.23,38.3 1 0
github.com/blend/go-sdk/configutil/config_util.go:43.58,44.30 1 1
github.com/blend/go-sdk/configutil/config_util.go:45.21,46.56 1 0
github.com/blend/go-sdk/configutil/config_util.go:47.35,49.17 2 1
github.com/blend/go-sdk/configutil/config_util.go:52.3,52.55 1 1
github.com/blend/go-sdk/configutil/config_util.go:53.10,54.56 1 0
github.com/blend/go-sdk/configutil/config_util.go:49.17,51.4 1 0
github.com/blend/go-sdk/configutil/config_util.go:59.49,61.2 1 0
github.com/blend/go-sdk/configutil/config_util.go:64.47,67.20 2 1
github.com/blend/go-sdk/configutil/config_util.go:71.2,72.16 2 0
github.com/blend/go-sdk/configutil/config_util.go:75.2,77.48 2 0
github.com/blend/go-sdk/configutil/config_util.go:67.20,69.3 1 1
github.com/blend/go-sdk/configutil/config_util.go:72.16,74.3 1 0
github.com/blend/go-sdk/configutil/config_util.go:81.61,84.2 2 1
github.com/blend/go-sdk/configutil/config_util.go:87.33,88.58 1 0
github.com/blend/go-sdk/configutil/config_util.go:91.2,91.27 1 0
github.com/blend/go-sdk/configutil/config_util.go:88.58,90.3 1 0
github.com/blend/go-sdk/configutil/config_util.go:95.34,96.58 1 1
github.com/blend/go-sdk/configutil/config_util.go:99.2,99.28 1 1
github.com/blend/go-sdk/configutil/config_util.go:96.58,98.3 1 1
github.com/blend/go-sdk/configutil/config_util.go:103.32,104.16 1 0
github.com/blend/go-sdk/configutil/config_util.go:107.2,107.46 1 0
github.com/blend/go-sdk/configutil/config_util.go:104.16,106.3 1 0
github.com/blend/go-sdk/configutil/types.go:7.31,7.51 1 1
github.com/blend/go-sdk/cron/job_manager.go:37.24,53.2 2 1
github.com/blend/go-sdk/cron/job_manager.go:59.28,60.21 1 0
github.com/blend/go-sdk/cron/job_manager.go:68.2,68.17 1 0
github.com/blend/go-sdk/cron/job_manager.go:60.21,64.22 3 0
github.com/blend/go-sdk/cron/job_manager.go:64.22,66.4 1 0
github.com/blend/go-sdk/cron/job_manager.go:112.47,114.2 1 1
github.com/blend/go-sdk/cron/job_manager.go:117.53,119.2 1 1
github.com/blend/go-sdk/cron/job_manager.go:122.57,124.2 1 1
github.com/blend/go-sdk/cron/job_manager.go:127.64,130.2 2 1
github.com/blend/go-sdk/cron/job_manager.go:133.67,136.2 2 0
github.com/blend/go-sdk/cron/job_manager.go:139.68,141.2 1 0
github.com/blend/go-sdk/cron/job_manager.go:144.68,148.52 3 1
github.com/blend/go-sdk/cron/job_manager.go:154.2,154.13 1 1
github.com/blend/go-sdk/cron/job_manager.go:148.52,149.69 1 1
github.com/blend/go-sdk/cron/job_manager.go:149.69,151.4 1 0
github.com/blend/go-sdk/cron/job_manager.go:158.63,162.52 3 1
github.com/blend/go-sdk/cron/job_manager.go:167.2,167.13 1 1
github.com/blend/go-sdk/cron/job_manager.go:162.52,163.70 1 1
github.com/blend/go-sdk/cron/job_manager.go:163.70,165.4 1 0
github.com/blend/go-sdk/cron/job_manager.go:171.58,172.19 1 1
github.com/blend/go-sdk/cron/job_manager.go:175.2,180.4 1 1
github.com/blend/go-sdk/cron/job_manager.go:172.19,174.3 1 1
github.com/blend/go-sdk/cron/job_manager.go:184.100,185.19 1 1
github.com/blend/go-sdk/cron/job_manager.go:188.2,196.16 2 1
github.com/blend/go-sdk/cron/job_manager.go:185.19,187.3 1 1
github.com/blend/go-sdk/cron/job_manager.go:196.16,198.3 1 1
github.com/blend/go-sdk/cron/job_manager.go:203.50,205.2 1 1
github.com/blend/go-sdk/cron/job_manager.go:212.51,217.2 4 1
github.com/blend/go-sdk/cron/job_manager.go:220.53,225.2 4 0
github.com/blend/go-sdk/cron/job_manager.go:228.63,234.72 5 1
github.com/blend/go-sdk/cron/job_manager.go:237.2,238.8 2 1
github.com/blend/go-sdk/cron/job_manager.go:234.72,236.3 1 1
github.com/blend/go-sdk/cron/job_manager.go:242.55,247.2 4 1
github.com/blend/go-sdk/cron/job_manager.go:250.69,254.2 3 0
github.com/blend/go-sdk/cron/job_manager.go:261.44,264.24 2 1
github.com/blend/go-sdk/cron/job_manager.go:268.2,273.12 6 1
github.com/blend/go-sdk/cron/job_manager.go:264.24,266.3 1 0
github.com/blend/go-sdk/cron/job_manager.go:277.56,278.25 1 1
github.com/blend/go-sdk/cron/job_manager.go:282.2,284.12 3 1
github.com/blend/go-sdk/cron/job_manager.go:278.25,280.3 1 0
github.com/blend/go-sdk/cron/job_manager.go:288.55,289.25 1 1
github.com/blend/go-sdk/cron/job_manager.go:293.2,298.12 5 1
github.com/blend/go-sdk/cron/job_manager.go:289.25,291.3 1 0
github.com/blend/go-sdk/cron/job_manager.go:302.52,306.51 3 1
github.com/blend/go-sdk/cron/job_manager.go:315.2,315.60 1 0
github.com/blend/go-sdk/cron/job_manager.go:306.51,307.27 1 1
github.com/blend/go-sdk/cron/job_manager.go:313.3,313.13 1 0
github.com/blend/go-sdk/cron/job_manager.go:307.27,312.4 4 1
github.com/blend/go-sdk/cron/job_manager.go:319.42,323.42 3 0
github.com/blend/go-sdk/cron/job_manager.go:331.2,331.12 1 0
github.com/blend/go-sdk/cron/job_manager.go:323.42,324.30 1 0
github.com/blend/go-sdk/cron/job_manager.go:324.30,326.21 2 0
github.com/blend/go-sdk/cron/job_manager.go:326.21,328.5 1 0
github.com/blend/go-sdk/cron/job_manager.go:334.77,336.2 1 1
github.com/blend/go-sdk/cron/job_manager.go:339.50,341.12 2 1
github.com/blend/go-sdk/cron/job_manager.go:344.2,344.13 1 1
github.com/blend/go-sdk/cron/job_manager.go:341.12,343.3 1 1
github.com/blend/go-sdk/cron/job_manager.go:348.45,349.26 1 1
github.com/blend/go-sdk/cron/job_manager.go:352.2,363.12 9 1
github.com/blend/go-sdk/cron/job_manager.go:384.2,384.12 1 1
github.com/blend/go-sdk/cron/job_manager.go:349.26,351.3 1 1
github.com/blend/go-sdk/cron/job_manager.go:363.12,366.16 2 1
github.com/blend/go-sdk/cron/job_manager.go:372.3,372.16 1 1
github.com/blend/go-sdk/cron/job_manager.go:378.3,381.28 4 1
github.com/blend/go-sdk/cron/job_manager.go:366.16,369.4 2 1
github.com/blend/go-sdk/cron/job_manager.go:372.16,373.32 1 1
github.com/blend/go-sdk/cron/job_manager.go:373.32,375.5 1 1
github.com/blend/go-sdk/cron/job_manager.go:387.43,388.61 1 1
github.com/blend/go-sdk/cron/job_manager.go:388.61,390.3 1 1
github.com/blend/go-sdk/cron/job_manager.go:393.60,394.64 1 1
github.com/blend/go-sdk/cron/job_manager.go:394.64,396.3 1 1
github.com/blend/go-sdk/cron/job_manager.go:399.50,400.68 1 1
github.com/blend/go-sdk/cron/job_manager.go:400.68,402.3 1 1
github.com/blend/go-sdk/cron/job_manager.go:405.52,410.2 4 1
github.com/blend/go-sdk/cron/job_manager.go:413.57,417.57 3 1
github.com/blend/go-sdk/cron/job_manager.go:422.2,422.62 1 1
github.com/blend/go-sdk/cron/job_manager.go:417.57,421.3 3 1
github.com/blend/go-sdk/cron/job_manager.go:426.31,434.2 5 1
github.com/blend/go-sdk/cron/job_manager.go:437.30,438.19 1 1
github.com/blend/go-sdk/cron/job_manager.go:441.2,442.22 2 1
github.com/blend/go-sdk/cron/job_manager.go:438.19,440.3 1 0
github.com/blend/go-sdk/cron/job_manager.go:449.55,451.6 2 1
github.com/blend/go-sdk/cron/job_manager.go:451.6,452.10 1 1
github.com/blend/go-sdk/cron/job_manager.go:453.21,454.10 1 1
github.com/blend/go-sdk/cron/job_manager.go:455.20,456.24 1 1
github.com/blend/go-sdk/cron/job_manager.go:461.41,464.42 3 1
github.com/blend/go-sdk/cron/job_manager.go:464.42,466.25 2 1
github.com/blend/go-sdk/cron/job_manager.go:466.25,467.28 1 1
github.com/blend/go-sdk/cron/job_manager.go:467.28,468.32 1 1
github.com/blend/go-sdk/cron/job_manager.go:468.32,472.20 4 1
github.com/blend/go-sdk/cron/job_manager.go:472.20,474.7 1 0
github.com/blend/go-sdk/cron/job_manager.go:481.60,483.6 2 1
github.com/blend/go-sdk/cron/job_manager.go:483.6,484.10 1 1
github.com/blend/go-sdk/cron/job_manager.go:485.21,486.10 1 1
github.com/blend/go-sdk/cron/job_manager.go:487.20,488.29 1 1
github.com/blend/go-sdk/cron/job_manager.go:493.52,507.62 10 1
github.com/blend/go-sdk/cron/job_manager.go:545.2,545.12 1 1
github.com/blend/go-sdk/cron/job_manager.go:507.62,509.15 2 1
github.com/blend/go-sdk/cron/job_manager.go:513.3,514.24 2 1
github.com/blend/go-sdk/cron/job_manager.go:517.3,519.79 3 1
github.com/blend/go-sdk/cron/job_manager.go:509.15,510.12 1 0
github.com/blend/go-sdk/cron/job_manager.go:514.24,515.12 1 1
github.com/blend/go-sdk/cron/job_manager.go:519.79,532.103 4 1
github.com/blend/go-sdk/cron/job_manager.go:532.103,534.19 2 1
github.com/blend/go-sdk/cron/job_manager.go:534.19,536.6 1 0
github.com/blend/go-sdk/cron/job_manager.go:538.4,538.53 1 0
github.com/blend/go-sdk/cron/job_manager.go:538.53,540.18 2 0
github.com/blend/go-sdk/cron/job_manager.go:540.18,542.5 1 0
github.com/blend/go-sdk/cron/job_manager.go:554.61,556.14 2 1
github.com/blend/go-sdk/cron/job_manager.go:560.2,561.16 2 1
github.com/blend/go-sdk/cron/job_manager.go:565.2,572.12 6 1
github.com/blend/go-sdk/cron/job_manager.go:556.14,558.3 1 0
github.com/blend/go-sdk/cron/job_manager.go:561.16,563.3 1 0
github.com/blend/go-sdk/cron/job_manager.go:580.45,595.15 10 0
github.com/blend/go-sdk/cron/job_manager.go:599.2,604.42 5 0
github.com/blend/go-sdk/cron/job_manager.go:637.2,637.46 1 0
github.com/blend/go-sdk/cron/job_manager.go:652.2,652.17 1 0
github.com/blend/go-sdk/cron/job_manager.go:595.15,597.3 1 0
github.com/blend/go-sdk/cron/job_manager.go:604.42,608.78 3 0
github.com/blend/go-sdk/cron/job_manager.go:617.3,617.78 1 0
github.com/blend/go-sdk/cron/job_manager.go:621.3,621.78 1 0
github.com/blend/go-sdk/cron/job_manager.go:627.3,627.81 1 0
github.com/blend/go-sdk/cron/job_manager.go:634.3,634.38 1 0
github.com/blend/go-sdk/cron/job_manager.go:608.78,611.4 2 0
github.com/blend/go-sdk/cron/job_manager.go:611.4,611.47 1 0
github.com/blend/go-sdk/cron/job_manager.go:611.47,613.4 1 0
github.com/blend/go-sdk/cron/job_manager.go:613.4,615.4 1 0
github.com/blend/go-sdk/cron/job_manager.go:617.78,619.4 1 0
github.com/blend/go-sdk/cron/job_manager.go:621.78,622.26 1 0
github.com/blend/go-sdk/cron/job_manager.go:622.26,624.5 1 0
github.com/blend/go-sdk/cron/job_manager.go:627.81,629.31 2 0
github.com/blend/go-sdk/cron/job_manager.go:629.31,631.5 1 0
github.com/blend/go-sdk/cron/job_manager.go:637.46,638.50 1 0
github.com/blend/go-sdk/cron/job_manager.go:638.50,643.80 2 0
github.com/blend/go-sdk/cron/job_manager.go:646.4,646.83 1 0
github.com/blend/go-sdk/cron/job_manager.go:649.4,649.39 1 0
github.com/blend/go-sdk/cron/job_manager.go:643.80,645.5 1 0
github.com/blend/go-sdk/cron/job_manager.go:646.83,648.5 1 0
github.com/blend/go-sdk/cron/job_manager.go:656.63,663.61 5 0
github.com/blend/go-sdk/cron/job_manager.go:677.2,677.12 1 0
github.com/blend/go-sdk/cron/job_manager.go:663.61,669.79 3 0
github.com/blend/go-sdk/cron/job_manager.go:672.3,672.82 1 0
github.com/blend/go-sdk/cron/job_manager.go:675.3,675.17 1 0
github.com/blend/go-sdk/cron/job_manager.go:669.79,671.4 1 0
github.com/blend/go-sdk/cron/job_manager.go:672.82,674.4 1 0
github.com/blend/go-sdk/cron/job_manager.go:684.73,689.2 4 0
github.com/blend/go-sdk/cron/job_manager.go:692.72,696.2 3 1
github.com/blend/go-sdk/cron/job_manager.go:698.54,702.2 3 1
github.com/blend/go-sdk/cron/job_manager.go:704.82,709.2 4 1
github.com/blend/go-sdk/cron/job_manager.go:711.81,715.2 3 1
github.com/blend/go-sdk/cron/job_manager.go:717.57,721.2 3 1
github.com/blend/go-sdk/cron/job_manager.go:723.54,727.2 3 1
github.com/blend/go-sdk/cron/job_manager.go:729.57,733.2 3 1
github.com/blend/go-sdk/cron/job_manager.go:735.79,740.2 4 1
github.com/blend/go-sdk/cron/job_manager.go:742.68,746.2 3 1
github.com/blend/go-sdk/cron/job_manager.go:748.65,750.52 1 1
github.com/blend/go-sdk/cron/job_manager.go:750.52,752.46 2 1
github.com/blend/go-sdk/cron/job_manager.go:753.3,753.35 1 1
github.com/blend/go-sdk/cron/job_manager.go:752.46,752.72 1 1
github.com/blend/go-sdk/cron/job_manager.go:757.57,761.2 3 1
github.com/blend/go-sdk/cron/job_manager.go:763.79,768.2 4 0
github.com/blend/go-sdk/cron/job_manager.go:770.68,774.2 3 1
github.com/blend/go-sdk/cron/job_manager.go:776.58,780.2 3 0
github.com/blend/go-sdk/cron/job_manager.go:782.62,787.2 4 1
github.com/blend/go-sdk/cron/job_manager.go:789.59,793.2 3 1
github.com/blend/go-sdk/cron/job_manager.go:795.55,799.2 3 0
github.com/blend/go-sdk/cron/job_manager.go:801.67,806.2 4 0
github.com/blend/go-sdk/cron/job_manager.go:808.63,812.2 3 1
github.com/blend/go-sdk/cron/job_manager.go:814.58,818.2 3 1
github.com/blend/go-sdk/cron/job_manager.go:820.86,826.2 4 0
github.com/blend/go-sdk/cron/job_manager.go:828.77,832.2 3 1
github.com/blend/go-sdk/cron/job_manager.go:834.67,838.2 3 1
github.com/blend/go-sdk/cron/job_manager.go:840.71,845.2 4 1
github.com/blend/go-sdk/cron/job_manager.go:847.70,851.2 3 1
github.com/blend/go-sdk/cron/job_manager.go:853.54,858.2 3 0
github.com/blend/go-sdk/cron/schedule.go:49.39,51.2 1 1
github.com/blend/go-sdk/cron/schedule.go:54.42,56.2 1 1
github.com/blend/go-sdk/cron/schedule.go:66.29,68.2 1 0
github.com/blend/go-sdk/cron/schedule.go:71.29,73.2 1 0
github.com/blend/go-sdk/cron/schedule.go:76.27,78.2 1 1
github.com/blend/go-sdk/cron/schedule.go:81.45,83.2 1 1
github.com/blend/go-sdk/cron/schedule.go:86.34,88.2 1 0
github.com/blend/go-sdk/cron/schedule.go:91.36,93.2 1 0
github.com/blend/go-sdk/cron/schedule.go:96.39,98.2 1 1
github.com/blend/go-sdk/cron/schedule.go:101.72,103.27 2 1
github.com/blend/go-sdk/cron/schedule.go:107.2,107.122 1 1
github.com/blend/go-sdk/cron/schedule.go:103.27,105.3 1 1
github.com/blend/go-sdk/cron/schedule.go:111.49,113.2 1 1
github.com/blend/go-sdk/cron/schedule.go:116.52,118.2 1 0
github.com/blend/go-sdk/cron/schedule.go:121.52,123.2 1 0
github.com/blend/go-sdk/cron/schedule.go:131.26,133.2 1 1
github.com/blend/go-sdk/cron/schedule.go:139.73,141.2 1 1
github.com/blend/go-sdk/cron/schedule.go:145.39,147.2 1 1
github.com/blend/go-sdk/cron/schedule.go:156.58,159.2 2 1
github.com/blend/go-sdk/cron/schedule.go:162.73,163.15 1 1
github.com/blend/go-sdk/cron/schedule.go:167.2,167.19 1 1
github.com/blend/go-sdk/cron/schedule.go:170.2,170.24 1 1
github.com/blend/go-sdk/cron/schedule.go:163.15,166.3 2 1
github.com/blend/go-sdk/cron/schedule.go:167.19,169.3 1 1
github.com/blend/go-sdk/cron/schedule.go:180.71,181.18 1 1
github.com/blend/go-sdk/cron/schedule.go:189.2,191.14 3 1
github.com/blend/go-sdk/cron/schedule.go:181.18,182.26 1 1
github.com/blend/go-sdk/cron/schedule.go:186.3,187.15 2 0
github.com/blend/go-sdk/cron/schedule.go:182.26,185.4 2 1
github.com/blend/go-sdk/cron/schedule.go:200.67,204.2 3 1
github.com/blend/go-sdk/cron/schedule.go:207.69,208.18 1 1
github.com/blend/go-sdk/cron/schedule.go:212.2,213.31 2 1
github.com/blend/go-sdk/cron/schedule.go:221.2,221.15 1 0
github.com/blend/go-sdk/cron/schedule.go:208.18,210.3 1 0
github.com/blend/go-sdk/cron/schedule.go:213.31,216.66 2 1
github.com/blend/go-sdk/cron/schedule.go:216.66,218.4 1 1
github.com/blend/go-sdk/cron/schedule.go:228.71,230.18 2 0
github.com/blend/go-sdk/cron/schedule.go:252.2,252.21 1 0
github.com/blend/go-sdk/cron/schedule.go:230.18,232.25 2 0
github.com/blend/go-sdk/cron/schedule.go:232.25,234.4 1 0
github.com/blend/go-sdk/cron/schedule.go:234.4,234.32 1 0
github.com/blend/go-sdk/cron/schedule.go:234.32,236.4 1 0
github.com/blend/go-sdk/cron/schedule.go:236.4,236.32 1 0
github.com/blend/go-sdk/cron/schedule.go:236.32,238.4 1 0
github.com/blend/go-sdk/cron/schedule.go:238.4,240.4 1 0
github.com/blend/go-sdk/cron/schedule.go:241.3,242.27 1 0
github.com/blend/go-sdk/cron/schedule.go:242.27,244.4 1 0
github.com/blend/go-sdk/cron/schedule.go:244.4,244.34 1 0
github.com/blend/go-sdk/cron/schedule.go:244.34,246.4 1 0
github.com/blend/go-sdk/cron/schedule.go:246.4,246.34 1 0
github.com/blend/go-sdk/cron/schedule.go:246.34,248.4 1 0
github.com/blend/go-sdk/cron/schedule.go:248.4,250.4 1 0
github.com/blend/go-sdk/cron/schedule.go:259.64,262.18 3 0
github.com/blend/go-sdk/cron/schedule.go:270.2,270.21 1 0
github.com/blend/go-sdk/cron/schedule.go:262.18,264.30 2 0
github.com/blend/go-sdk/cron/schedule.go:264.30,266.4 1 0
github.com/blend/go-sdk/cron/schedule.go:267.3,269.3 1 0
github.com/blend/go-sdk/cron/schedule.go:279.66,282.18 3 1
github.com/blend/go-sdk/cron/schedule.go:293.2,293.21 1 1
github.com/blend/go-sdk/cron/schedule.go:282.18,284.30 2 1
github.com/blend/go-sdk/cron/schedule.go:284.30,286.4 1 0
github.com/blend/go-sdk/cron/schedule.go:287.3,289.33 2 1
github.com/blend/go-sdk/cron/schedule.go:289.33,291.4 1 1
github.com/blend/go-sdk/cron/schedule.go:300.39,301.16 1 1
github.com/blend/go-sdk/cron/schedule.go:304.2,304.11 1 1
github.com/blend/go-sdk/cron/schedule.go:301.16,303.3 1 0
github.com/blend/go-sdk/cron/task.go:73.35,75.2 1 1
github.com/blend/go-sdk/cron/task.go:76.56,78.2 1 1
github.com/blend/go-sdk/cron/task.go:79.44,79.45 0 1
github.com/blend/go-sdk/cron/task.go:80.44,80.45 0 1
github.com/blend/go-sdk/cron/task.go:81.44,81.45 0 1
github.com/blend/go-sdk/cron/task.go:84.32,86.2 1 1
github.com/blend/go-sdk/cron/task.go:89.38,92.2 2 1
github.com/blend/go-sdk/cron/task.go:95.59,97.2 1 1
github.com/blend/go-sdk/cron/task.go:109.42,111.2 1 1
github.com/blend/go-sdk/cron/task.go:114.63,116.2 1 1
github.com/blend/go-sdk/cron/task.go:118.51,118.52 0 1
github.com/blend/go-sdk/cron/task.go:119.51,119.52 0 0
github.com/blend/go-sdk/cron/task.go:120.51,120.52 0 1
github.com/blend/go-sdk/cron/task.go:121.51,121.52 0 0
github.com/blend/go-sdk/cron/task.go:125.44,128.2 2 0
github.com/blend/go-sdk/cron/task.go:132.65,134.2 1 1
github.com/blend/go-sdk/cron/util.go:6.22,8.2 1 1
github.com/blend/go-sdk/cron/util.go:11.39,13.2 1 1
github.com/blend/go-sdk/cron/util.go:16.38,17.19 1 1
github.com/blend/go-sdk/cron/util.go:20.2,20.11 1 1
github.com/blend/go-sdk/cron/util.go:17.19,19.3 1 0
github.com/blend/go-sdk/cron/util.go:24.38,25.19 1 0
github.com/blend/go-sdk/cron/util.go:28.2,28.11 1 0
github.com/blend/go-sdk/cron/util.go:25.19,27.3 1 0
github.com/blend/go-sdk/cron/util.go:32.37,34.2 1 0
github.com/blend/go-sdk/cron/util.go:37.40,39.2 1 0
github.com/blend/go-sdk/cron/util.go:42.43,44.2 1 0
github.com/blend/go-sdk/cron/util.go:47.37,49.2 1 0
github.com/blend/go-sdk/cron/util.go:52.43,54.2 1 0
github.com/blend/go-sdk/cron/util.go:57.40,59.2 1 0
github.com/blend/go-sdk/cron/util.go:62.34,64.2 1 0
github.com/blend/go-sdk/cron/util.go:67.40,69.2 1 0
github.com/blend/go-sdk/cron/util.go:72.46,74.2 1 0
github.com/blend/go-sdk/cron/util.go:77.46,79.2 1 0
github.com/blend/go-sdk/cron/util.go:82.43,84.2 1 0
github.com/blend/go-sdk/cron/util.go:87.37,89.2 1 0
github.com/blend/go-sdk/cron/util.go:92.47,94.2 1 1
github.com/blend/go-sdk/cron/util.go:97.59,99.2 1 0
github.com/blend/go-sdk/cron/atomic_flag.go:13.39,14.11 1 1
github.com/blend/go-sdk/cron/atomic_flag.go:14.11,16.3 1 1
github.com/blend/go-sdk/cron/atomic_flag.go:16.3,18.3 1 0
github.com/blend/go-sdk/cron/atomic_flag.go:22.42,25.2 2 1
github.com/blend/go-sdk/cron/atomic_flag.go:33.38,35.2 1 1
github.com/blend/go-sdk/cron/atomic_flag.go:38.38,40.2 1 0
github.com/blend/go-sdk/cron/atomic_flag.go:43.46,46.2 2 1
github.com/blend/go-sdk/cron/event.go:19.77,20.30 1 0
github.com/blend/go-sdk/cron/event.go:20.30,21.50 1 0
github.com/blend/go-sdk/cron/event.go:21.50,23.4 1 0
github.com/blend/go-sdk/cron/event.go:36.42,38.2 1 1
github.com/blend/go-sdk/cron/event.go:41.45,43.2 1 0
github.com/blend/go-sdk/cron/event.go:46.40,48.2 1 1
github.com/blend/go-sdk/cron/event.go:51.41,53.2 1 0
github.com/blend/go-sdk/cron/event.go:56.41,58.2 1 0
github.com/blend/go-sdk/cron/event.go:61.77,63.2 1 0
github.com/blend/go-sdk/cron/event.go:66.50,70.2 1 0
github.com/blend/go-sdk/cron/event.go:73.79,74.30 1 0
github.com/blend/go-sdk/cron/event.go:74.30,75.51 1 0
github.com/blend/go-sdk/cron/event.go:75.51,77.4 1 0
github.com/blend/go-sdk/cron/event.go:92.43,94.2 1 1
github.com/blend/go-sdk/cron/event.go:97.46,99.2 1 0
github.com/blend/go-sdk/cron/event.go:102.41,104.2 1 1
github.com/blend/go-sdk/cron/event.go:107.42,109.2 1 1
github.com/blend/go-sdk/cron/event.go:112.42,114.2 1 1
github.com/blend/go-sdk/cron/event.go:117.48,119.2 1 1
github.com/blend/go-sdk/cron/event.go:122.36,124.2 1 1
github.com/blend/go-sdk/cron/event.go:127.78,128.18 1 1
github.com/blend/go-sdk/cron/event.go:128.18,130.3 1 1
github.com/blend/go-sdk/cron/event.go:130.3,132.3 1 0
github.com/blend/go-sdk/cron/event.go:136.51,142.2 1 0
github.com/blend/go-sdk/cron/job.go:16.47,17.9 1 0
github.com/blend/go-sdk/cron/job.go:18.20,19.14 1 0
github.com/blend/go-sdk/cron/job.go:20.10,21.15 1 0
github.com/blend/go-sdk/cron/job.go:41.27,45.2 1 1
github.com/blend/go-sdk/cron/job.go:58.37,60.2 1 1
github.com/blend/go-sdk/cron/job.go:63.57,66.2 2 1
github.com/blend/go-sdk/cron/job.go:69.43,71.2 1 1
github.com/blend/go-sdk/cron/job.go:74.67,77.2 2 0
github.com/blend/go-sdk/cron/job.go:80.47,82.2 1 0
github.com/blend/go-sdk/cron/job.go:85.70,88.2 2 0
github.com/blend/go-sdk/cron/job.go:91.58,92.22 1 1
github.com/blend/go-sdk/cron/job.go:95.2,95.12 1 0
github.com/blend/go-sdk/cron/job.go:92.22,94.3 1 1
github.com/blend/go-sdk/cron/job.go:99.65,102.2 2 1
github.com/blend/go-sdk/cron/job.go:105.38,106.31 1 1
github.com/blend/go-sdk/cron/job.go:109.2,109.13 1 1
github.com/blend/go-sdk/cron/job.go:106.31,108.3 1 0
github.com/blend/go-sdk/cron/job.go:113.77,116.2 2 0
github.com/blend/go-sdk/cron/job.go:119.43,120.36 1 0
github.com/blend/go-sdk/cron/job.go:123.2,123.13 1 0
github.com/blend/go-sdk/cron/job.go:120.36,122.3 1 0
github.com/blend/go-sdk/cron/job.go:127.82,130.2 2 0
github.com/blend/go-sdk/db/default.go:19.35,23.2 3 1
github.com/blend/go-sdk/db/default.go:29.28,31.2 1 1
github.com/blend/go-sdk/db/default.go:34.42,36.16 2 1
github.com/blend/go-sdk/db/default.go:39.2,40.12 2 1
github.com/blend/go-sdk/db/default.go:36.16,38.3 1 0
github.com/blend/go-sdk/db/query.go:35.31,39.19 3 1
github.com/blend/go-sdk/db/query.go:44.2,44.31 1 1
github.com/blend/go-sdk/db/query.go:50.2,50.41 1 1
github.com/blend/go-sdk/db/query.go:39.19,42.3 2 1
github.com/blend/go-sdk/db/query.go:44.31,45.20 1 0
github.com/blend/go-sdk/db/query.go:45.20,48.4 2 0
github.com/blend/go-sdk/db/query.go:54.52,57.2 2 1
github.com/blend/go-sdk/db/query.go:60.71,62.30 2 1
github.com/blend/go-sdk/db/query.go:68.2,68.20 1 1
github.com/blend/go-sdk/db/query.go:76.2,76.15 1 1
github.com/blend/go-sdk/db/query.go:86.2,87.18 2 1
github.com/blend/go-sdk/db/query.go:93.2,93.21 1 1
github.com/blend/go-sdk/db/query.go:99.2,99.8 1 1
github.com/blend/go-sdk/db/query.go:62.30,64.3 1 1
github.com/blend/go-sdk/db/query.go:64.3,66.3 1 1
github.com/blend/go-sdk/db/query.go:68.20,69.31 1 0
github.com/blend/go-sdk/db/query.go:72.3,73.9 2 0
github.com/blend/go-sdk/db/query.go:69.31,71.4 1 0
github.com/blend/go-sdk/db/query.go:76.15,77.31 1 1
github.com/blend/go-sdk/db/query.go:77.31,78.32 1 0
github.com/blend/go-sdk/db/query.go:78.32,80.5 1 0
github.com/blend/go-sdk/db/query.go:80.5,82.5 1 0
github.com/blend/go-sdk/db/query.go:87.18,89.3 1 0
github.com/blend/go-sdk/db/query.go:89.3,91.3 1 1
github.com/blend/go-sdk/db/query.go:93.21,94.31 1 0
github.com/blend/go-sdk/db/query.go:97.3,97.33 1 0
github.com/blend/go-sdk/db/query.go:94.31,96.4 1 0
github.com/blend/go-sdk/db/query.go:103.49,104.15 1 1
github.com/blend/go-sdk/db/query.go:106.2,107.18 2 1
github.com/blend/go-sdk/db/query.go:113.2,114.20 2 1
github.com/blend/go-sdk/db/query.go:120.2,121.8 2 1
github.com/blend/go-sdk/db/query.go:104.15,104.52 1 1
github.com/blend/go-sdk/db/query.go:107.18,111.3 3 0
github.com/blend/go-sdk/db/query.go:114.20,118.3 3 0
github.com/blend/go-sdk/db/query.go:125.50,126.15 1 1
github.com/blend/go-sdk/db/query.go:128.2,130.18 2 1
github.com/blend/go-sdk/db/query.go:136.2,137.20 2 1
github.com/blend/go-sdk/db/query.go:143.2,144.8 2 1
github.com/blend/go-sdk/db/query.go:126.15,126.52 1 1
github.com/blend/go-sdk/db/query.go:130.18,134.3 3 0
github.com/blend/go-sdk/db/query.go:137.20,141.3 3 0
github.com/blend/go-sdk/db/query.go:148.55,149.15 1 1
github.com/blend/go-sdk/db/query.go:151.2,152.18 2 1
github.com/blend/go-sdk/db/query.go:157.2,158.20 2 1
github.com/blend/go-sdk/db/query.go:163.2,163.19 1 1
github.com/blend/go-sdk/db/query.go:170.2,170.8 1 1
github.com/blend/go-sdk/db/query.go:149.15,149.52 1 1
github.com/blend/go-sdk/db/query.go:152.18,155.3 2 0
github.com/blend/go-sdk/db/query.go:158.20,161.3 2 0
github.com/blend/go-sdk/db/query.go:163.19,165.21 2 1
github.com/blend/go-sdk/db/query.go:165.21,167.4 1 0
github.com/blend/go-sdk/db/query.go:174.53,175.15 1 0
github.com/blend/go-sdk/db/query.go:177.2,178.18 2 0
github.com/blend/go-sdk/db/query.go:183.2,184.20 2 0
github.com/blend/go-sdk/db/query.go:189.2,190.40 2 0
github.com/blend/go-sdk/db/query.go:195.2,197.19 3 0
github.com/blend/go-sdk/db/query.go:209.2,209.8 1 0
github.com/blend/go-sdk/db/query.go:175.15,175.52 1 0
github.com/blend/go-sdk/db/query.go:178.18,181.3 2 0
github.com/blend/go-sdk/db/query.go:184.20,187.3 2 0
github.com/blend/go-sdk/db/query.go:190.40,193.3 2 0
github.com/blend/go-sdk/db/query.go:197.19,198.72 1 0
github.com/blend/go-sdk/db/query.go:203.3,203.20 1 0
github.com/blend/go-sdk/db/query.go:198.72,200.4 1 0
github.com/blend/go-sdk/db/query.go:200.4,202.4 1 0
github.com/blend/go-sdk/db/query.go:203.20,206.4 2 0
github.com/blend/go-sdk/db/query.go:213.61,214.15 1 1
github.com/blend/go-sdk/db/query.go:216.2,217.18 2 1
github.com/blend/go-sdk/db/query.go:222.2,223.20 2 1
github.com/blend/go-sdk/db/query.go:228.2,229.39 2 1
github.com/blend/go-sdk/db/query.go:234.2,244.20 8 1
github.com/blend/go-sdk/db/query.go:262.2,262.17 1 1
github.com/blend/go-sdk/db/query.go:265.2,265.8 1 1
github.com/blend/go-sdk/db/query.go:214.15,214.52 1 1
github.com/blend/go-sdk/db/query.go:217.18,220.3 2 0
github.com/blend/go-sdk/db/query.go:223.20,226.3 2 0
github.com/blend/go-sdk/db/query.go:229.39,232.3 2 0
github.com/blend/go-sdk/db/query.go:244.20,247.20 2 1
github.com/blend/go-sdk/db/query.go:253.3,253.20 1 1
github.com/blend/go-sdk/db/query.go:257.3,259.20 3 1
github.com/blend/go-sdk/db/query.go:247.20,249.4 1 1
github.com/blend/go-sdk/db/query.go:249.4,251.4 1 0
github.com/blend/go-sdk/db/query.go:253.20,256.4 2 0
github.com/blend/go-sdk/db/query.go:262.17,264.3 1 0
github.com/blend/go-sdk/db/query.go:269.57,270.15 1 1
github.com/blend/go-sdk/db/query.go:272.2,273.18 2 1
github.com/blend/go-sdk/db/query.go:277.2,278.20 2 1
github.com/blend/go-sdk/db/query.go:283.2,283.20 1 1
github.com/blend/go-sdk/db/query.go:289.2,289.8 1 1
github.com/blend/go-sdk/db/query.go:270.15,270.52 1 1
github.com/blend/go-sdk/db/query.go:273.18,275.3 1 0
github.com/blend/go-sdk/db/query.go:278.20,281.3 2 0
github.com/blend/go-sdk/db/query.go:283.20,285.17 2 1
github.com/blend/go-sdk/db/query.go:285.17,287.4 1 0
github.com/blend/go-sdk/db/query.go:296.59,297.14 1 1
github.com/blend/go-sdk/db/query.go:302.2,302.44 1 1
github.com/blend/go-sdk/db/query.go:306.2,306.18 1 1
github.com/blend/go-sdk/db/query.go:309.2,309.12 1 1
github.com/blend/go-sdk/db/query.go:297.14,300.3 2 1
github.com/blend/go-sdk/db/query.go:302.44,304.3 1 0
github.com/blend/go-sdk/db/query.go:306.18,308.3 1 0
github.com/blend/go-sdk/db/query.go:312.45,314.2 1 1
github.com/blend/go-sdk/db/statement_cache.go:9.53,15.2 1 1
github.com/blend/go-sdk/db/statement_cache.go:25.41,27.2 1 1
github.com/blend/go-sdk/db/statement_cache.go:29.44,31.32 2 1
github.com/blend/go-sdk/db/statement_cache.go:37.2,37.12 1 1
github.com/blend/go-sdk/db/statement_cache.go:31.32,33.17 2 1
github.com/blend/go-sdk/db/statement_cache.go:33.17,35.4 1 0
github.com/blend/go-sdk/db/statement_cache.go:41.41,48.2 5 1
github.com/blend/go-sdk/db/statement_cache.go:51.65,53.2 1 1
github.com/blend/go-sdk/db/statement_cache.go:56.67,60.60 3 0
github.com/blend/go-sdk/db/statement_cache.go:60.60,62.3 1 0
github.com/blend/go-sdk/db/statement_cache.go:65.76,68.53 3 1
github.com/blend/go-sdk/db/statement_cache.go:72.2,72.12 1 1
github.com/blend/go-sdk/db/statement_cache.go:68.53,70.3 1 1
github.com/blend/go-sdk/db/statement_cache.go:76.84,78.19 2 1
github.com/blend/go-sdk/db/statement_cache.go:82.2,84.44 3 1
github.com/blend/go-sdk/db/statement_cache.go:88.2,89.16 2 1
github.com/blend/go-sdk/db/statement_cache.go:93.2,94.18 2 1
github.com/blend/go-sdk/db/statement_cache.go:78.19,80.3 1 1
github.com/blend/go-sdk/db/statement_cache.go:84.44,86.3 1 0
github.com/blend/go-sdk/db/statement_cache.go:89.16,91.3 1 1
github.com/blend/go-sdk/db/column.go:16.63,18.15 2 1
github.com/blend/go-sdk/db/column.go:42.2,42.12 1 1
github.com/blend/go-sdk/db/column.go:18.15,23.15 5 1
github.com/blend/go-sdk/db/column.go:39.3,39.14 1 1
github.com/blend/go-sdk/db/column.go:23.15,26.35 2 1
github.com/blend/go-sdk/db/column.go:30.4,30.24 1 1
github.com/blend/go-sdk/db/column.go:26.35,28.5 1 1
github.com/blend/go-sdk/db/column.go:30.24,37.5 6 1
github.com/blend/go-sdk/db/column.go:60.71,64.21 4 1
github.com/blend/go-sdk/db/column.go:68.2,69.31 2 1
github.com/blend/go-sdk/db/column.go:73.2,73.14 1 1
github.com/blend/go-sdk/db/column.go:86.2,86.51 1 1
github.com/blend/go-sdk/db/column.go:95.2,95.33 1 1
github.com/blend/go-sdk/db/column.go:111.2,114.12 3 1
github.com/blend/go-sdk/db/column.go:64.21,66.3 1 0
github.com/blend/go-sdk/db/column.go:69.31,71.3 1 0
github.com/blend/go-sdk/db/column.go:73.14,75.36 2 1
github.com/blend/go-sdk/db/column.go:83.3,83.13 1 1
github.com/blend/go-sdk/db/column.go:75.36,78.22 3 1
github.com/blend/go-sdk/db/column.go:81.4,81.48 1 1
github.com/blend/go-sdk/db/column.go:78.22,80.5 1 0
github.com/blend/go-sdk/db/column.go:86.51,87.62 1 1
github.com/blend/go-sdk/db/column.go:92.3,92.13 1 1
github.com/blend/go-sdk/db/column.go:87.62,89.4 1 0
github.com/blend/go-sdk/db/column.go:89.4,91.4 1 1
github.com/blend/go-sdk/db/column.go:95.33,96.31 1 1
github.com/blend/go-sdk/db/column.go:108.3,108.68 1 0
github.com/blend/go-sdk/db/column.go:96.31,97.49 1 1
github.com/blend/go-sdk/db/column.go:105.4,105.14 1 1
github.com/blend/go-sdk/db/column.go:97.49,99.5 1 1
github.com/blend/go-sdk/db/column.go:99.5,101.33 2 0
github.com/blend/go-sdk/db/column.go:101.33,103.6 1 0
github.com/blend/go-sdk/db/column.go:118.61,122.2 3 1
github.com/blend/go-sdk/db/column_collection.go:23.51,25.2 1 0
github.com/blend/go-sdk/db/column_collection.go:28.55,30.2 1 0
github.com/blend/go-sdk/db/column_collection.go:38.75,40.2 1 1
github.com/blend/go-sdk/db/column_collection.go:43.73,46.36 3 1
github.com/blend/go-sdk/db/column_collection.go:50.2,51.12 2 1
github.com/blend/go-sdk/db/column_collection.go:46.36,49.3 2 1
github.com/blend/go-sdk/db/column_collection.go:55.98,58.36 3 1
github.com/blend/go-sdk/db/column_collection.go:62.2,63.12 2 1
github.com/blend/go-sdk/db/column_collection.go:58.36,61.3 2 1
github.com/blend/go-sdk/db/column_collection.go:67.56,70.61 3 1
github.com/blend/go-sdk/db/column_collection.go:73.2,73.17 1 1
github.com/blend/go-sdk/db/column_collection.go:70.61,72.3 1 1
github.com/blend/go-sdk/db/column_collection.go:77.82,80.2 2 1
github.com/blend/go-sdk/db/column_collection.go:84.93,88.22 3 1
github.com/blend/go-sdk/db/column_collection.go:92.2,93.9 2 1
github.com/blend/go-sdk/db/column_collection.go:98.2,98.19 1 1
github.com/blend/go-sdk/db/column_collection.go:88.22,90.3 1 1
github.com/blend/go-sdk/db/column_collection.go:93.9,97.3 3 1
github.com/blend/go-sdk/db/column_collection.go:102.72,103.30 1 1
github.com/blend/go-sdk/db/column_collection.go:107.2,111.45 4 1
github.com/blend/go-sdk/db/column_collection.go:123.2,123.45 1 1
github.com/blend/go-sdk/db/column_collection.go:103.30,105.3 1 1
github.com/blend/go-sdk/db/column_collection.go:111.45,113.23 2 1
github.com/blend/go-sdk/db/column_collection.go:113.23,115.18 2 1
github.com/blend/go-sdk/db/column_collection.go:115.18,119.5 3 1
github.com/blend/go-sdk/db/column_collection.go:143.39,145.2 1 1
github.com/blend/go-sdk/db/column_collection.go:148.43,151.2 2 1
github.com/blend/go-sdk/db/column_collection.go:154.55,156.31 2 1
github.com/blend/go-sdk/db/column_collection.go:161.2,162.31 2 1
github.com/blend/go-sdk/db/column_collection.go:156.31,157.33 1 1
github.com/blend/go-sdk/db/column_collection.go:157.33,159.4 1 1
github.com/blend/go-sdk/db/column_collection.go:166.63,169.2 2 1
github.com/blend/go-sdk/db/column_collection.go:172.53,174.2 1 1
github.com/blend/go-sdk/db/column_collection.go:177.82,179.2 1 1
github.com/blend/go-sdk/db/column_collection.go:182.62,183.28 1 1
github.com/blend/go-sdk/db/column_collection.go:187.2,188.24 2 1
github.com/blend/go-sdk/db/column_collection.go:183.28,185.3 1 1
github.com/blend/go-sdk/db/column_collection.go:192.63,193.29 1 1
github.com/blend/go-sdk/db/column_collection.go:197.2,198.25 2 1
github.com/blend/go-sdk/db/column_collection.go:193.29,195.3 1 1
github.com/blend/go-sdk/db/column_collection.go:202.61,203.27 1 1
github.com/blend/go-sdk/db/column_collection.go:207.2,208.31 2 1
github.com/blend/go-sdk/db/column_collection.go:214.2,215.23 2 1
github.com/blend/go-sdk/db/column_collection.go:203.27,205.3 1 1
github.com/blend/go-sdk/db/column_collection.go:208.31,209.21 1 1
github.com/blend/go-sdk/db/column_collection.go:209.21,211.4 1 1
github.com/blend/go-sdk/db/column_collection.go:219.64,220.30 1 1
github.com/blend/go-sdk/db/column_collection.go:224.2,226.31 2 1
github.com/blend/go-sdk/db/column_collection.go:232.2,233.26 2 1
github.com/blend/go-sdk/db/column_collection.go:220.30,222.3 1 1
github.com/blend/go-sdk/db/column_collection.go:226.31,227.22 1 1
github.com/blend/go-sdk/db/column_collection.go:227.22,229.4 1 1
github.com/blend/go-sdk/db/column_collection.go:237.57,238.23 1 1
github.com/blend/go-sdk/db/column_collection.go:242.2,244.31 2 1
github.com/blend/go-sdk/db/column_collection.go:250.2,251.19 2 1
github.com/blend/go-sdk/db/column_collection.go:238.23,240.3 1 1
github.com/blend/go-sdk/db/column_collection.go:244.31,245.17 1 1
github.com/blend/go-sdk/db/column_collection.go:245.17,247.4 1 1
github.com/blend/go-sdk/db/column_collection.go:255.60,256.26 1 1
github.com/blend/go-sdk/db/column_collection.go:260.2,262.31 2 1
github.com/blend/go-sdk/db/column_collection.go:267.2,268.22 2 1
github.com/blend/go-sdk/db/column_collection.go:256.26,258.3 1 1
github.com/blend/go-sdk/db/column_collection.go:262.31,263.18 1 1
github.com/blend/go-sdk/db/column_collection.go:263.18,265.4 1 1
github.com/blend/go-sdk/db/column_collection.go:272.58,273.24 1 1
github.com/blend/go-sdk/db/column_collection.go:277.2,279.31 2 1
github.com/blend/go-sdk/db/column_collection.go:285.2,286.20 2 1
github.com/blend/go-sdk/db/column_collection.go:273.24,275.3 1 0
github.com/blend/go-sdk/db/column_collection.go:279.31,280.19 1 1
github.com/blend/go-sdk/db/column_collection.go:280.19,282.4 1 1
github.com/blend/go-sdk/db/column_collection.go:290.61,291.27 1 1
github.com/blend/go-sdk/db/column_collection.go:295.2,297.31 2 1
github.com/blend/go-sdk/db/column_collection.go:303.2,304.23 2 1
github.com/blend/go-sdk/db/column_collection.go:291.27,293.3 1 1
github.com/blend/go-sdk/db/column_collection.go:297.31,298.20 1 1
github.com/blend/go-sdk/db/column_collection.go:298.20,300.4 1 1
github.com/blend/go-sdk/db/column_collection.go:308.51,310.39 2 1
github.com/blend/go-sdk/db/column_collection.go:318.2,318.14 1 1
github.com/blend/go-sdk/db/column_collection.go:310.39,312.32 2 1
github.com/blend/go-sdk/db/column_collection.go:312.32,314.4 1 0
github.com/blend/go-sdk/db/column_collection.go:314.4,316.4 1 1
github.com/blend/go-sdk/db/column_collection.go:322.48,324.2 1 1
github.com/blend/go-sdk/db/column_collection.go:327.57,328.31 1 1
github.com/blend/go-sdk/db/column_collection.go:335.2,335.18 1 1
github.com/blend/go-sdk/db/column_collection.go:328.31,330.37 2 0
github.com/blend/go-sdk/db/column_collection.go:333.3,333.16 1 0
github.com/blend/go-sdk/db/column_collection.go:330.37,332.4 1 0
github.com/blend/go-sdk/db/column_collection.go:339.77,341.39 2 0
github.com/blend/go-sdk/db/column_collection.go:349.2,349.14 1 0
github.com/blend/go-sdk/db/column_collection.go:341.39,343.32 2 0
github.com/blend/go-sdk/db/column_collection.go:343.32,345.4 1 0
github.com/blend/go-sdk/db/column_collection.go:345.4,347.4 1 0
github.com/blend/go-sdk/db/column_collection.go:353.78,355.39 2 0
github.com/blend/go-sdk/db/column_collection.go:363.2,363.31 1 0
github.com/blend/go-sdk/db/column_collection.go:355.39,357.32 2 0
github.com/blend/go-sdk/db/column_collection.go:357.32,359.4 1 0
github.com/blend/go-sdk/db/column_collection.go:359.4,361.4 1 0
github.com/blend/go-sdk/db/column_collection.go:367.77,371.39 3 1
github.com/blend/go-sdk/db/column_collection.go:382.2,382.15 1 1
github.com/blend/go-sdk/db/column_collection.go:371.39,374.15 3 1
github.com/blend/go-sdk/db/column_collection.go:374.15,378.4 3 0
github.com/blend/go-sdk/db/column_collection.go:378.4,380.4 1 1
github.com/blend/go-sdk/db/column_collection.go:386.53,387.25 1 1
github.com/blend/go-sdk/db/column_collection.go:390.2,390.12 1 1
github.com/blend/go-sdk/db/column_collection.go:387.25,389.3 1 1
github.com/blend/go-sdk/db/column_collection.go:394.82,397.33 3 1
github.com/blend/go-sdk/db/column_collection.go:400.2,400.42 1 1
github.com/blend/go-sdk/db/column_collection.go:403.2,403.46 1 1
github.com/blend/go-sdk/db/column_collection.go:397.33,399.3 1 1
github.com/blend/go-sdk/db/column_collection.go:400.42,402.3 1 1
github.com/blend/go-sdk/db/column_collection.go:406.44,408.2 1 0
github.com/blend/go-sdk/db/column_collection.go:411.52,413.2 1 0
github.com/blend/go-sdk/db/db.go:11.18,13.2 1 1
github.com/blend/go-sdk/db/db.go:28.48,31.2 2 0
github.com/blend/go-sdk/db/db.go:34.37,36.2 1 0
github.com/blend/go-sdk/db/db.go:39.33,41.2 1 0
github.com/blend/go-sdk/db/db.go:44.45,47.2 2 0
github.com/blend/go-sdk/db/db.go:50.46,53.2 2 1
github.com/blend/go-sdk/db/db.go:56.34,58.2 1 0
github.com/blend/go-sdk/db/db.go:65.40,66.18 1 1
github.com/blend/go-sdk/db/db.go:70.2,70.18 1 1
github.com/blend/go-sdk/db/db.go:73.2,73.20 1 1
github.com/blend/go-sdk/db/db.go:77.2,78.11 2 1
github.com/blend/go-sdk/db/db.go:66.18,69.3 2 1
github.com/blend/go-sdk/db/db.go:70.18,72.3 1 1
github.com/blend/go-sdk/db/db.go:73.20,76.3 2 1
github.com/blend/go-sdk/db/db.go:82.28,84.2 1 1
github.com/blend/go-sdk/db/db.go:87.30,88.18 1 0
github.com/blend/go-sdk/db/db.go:91.2,91.23 1 0
github.com/blend/go-sdk/db/db.go:88.18,90.3 1 0
github.com/blend/go-sdk/db/db.go:95.32,96.18 1 1
github.com/blend/go-sdk/db/db.go:99.2,99.25 1 1
github.com/blend/go-sdk/db/db.go:96.18,98.3 1 0
github.com/blend/go-sdk/db/db.go:103.27,105.2 1 0
github.com/blend/go-sdk/db/db.go:108.36,110.2 1 1
github.com/blend/go-sdk/db/invocation.go:30.63,33.2 2 0
github.com/blend/go-sdk/db/invocation.go:36.44,38.2 1 0
github.com/blend/go-sdk/db/invocation.go:41.40,43.2 1 0
github.com/blend/go-sdk/db/invocation.go:46.60,49.2 2 0
github.com/blend/go-sdk/db/invocation.go:52.34,54.2 1 1
github.com/blend/go-sdk/db/invocation.go:57.58,60.2 2 1
github.com/blend/go-sdk/db/invocation.go:63.37,65.2 1 1
github.com/blend/go-sdk/db/invocation.go:68.35,70.2 1 0
github.com/blend/go-sdk/db/invocation.go:73.67,74.18 1 1
github.com/blend/go-sdk/db/invocation.go:77.2,77.31 1 1
github.com/blend/go-sdk/db/invocation.go:80.2,80.40 1 1
github.com/blend/go-sdk/db/invocation.go:74.18,76.3 1 1
github.com/blend/go-sdk/db/invocation.go:77.31,79.3 1 1
github.com/blend/go-sdk/db/invocation.go:84.78,86.16 2 1
github.com/blend/go-sdk/db/invocation.go:90.2,91.15 2 1
github.com/blend/go-sdk/db/invocation.go:93.2,94.20 2 1
github.com/blend/go-sdk/db/invocation.go:99.2,101.54 2 1
github.com/blend/go-sdk/db/invocation.go:109.2,109.8 1 1
github.com/blend/go-sdk/db/invocation.go:86.16,88.3 1 0
github.com/blend/go-sdk/db/invocation.go:91.15,91.84 1 1
github.com/blend/go-sdk/db/invocation.go:94.20,97.3 2 1
github.com/blend/go-sdk/db/invocation.go:101.54,103.17 2 0
[...]
github.com/blend/go-sdk/request/request.go:774.24,776.5 1 0
github.com/blend/go-sdk/request/request.go:777.4,777.33 1 1
github.com/blend/go-sdk/request/request.go:777.33,779.4 1 1
github.com/blend/go-sdk/request/request.go:784.33,788.38 3 1
github.com/blend/go-sdk/request/request.go:792.2,792.19 1 1
github.com/blend/go-sdk/request/request.go:788.38,790.3 1 1
github.com/blend/go-sdk/request/request.go:792.19,797.3 1 1
github.com/blend/go-sdk/request/request.go:800.95,801.47 1 1
github.com/blend/go-sdk/request/request.go:804.2,804.39 1 1
github.com/blend/go-sdk/request/request.go:808.2,808.19 1 1
github.com/blend/go-sdk/request/request.go:801.47,803.3 1 0
github.com/blend/go-sdk/request/request.go:804.39,806.3 1 0
github.com/blend/go-sdk/request/request.go:808.19,815.3 1 1
github.com/blend/go-sdk/request/request.go:821.34,822.15 1 1
github.com/blend/go-sdk/request/request.go:826.2,833.18 7 1
github.com/blend/go-sdk/request/request.go:822.15,824.3 1 0
github.com/blend/go-sdk/request/request.go:837.48,838.18 1 0
github.com/blend/go-sdk/request/request.go:842.2,842.27 1 0
github.com/blend/go-sdk/request/request.go:846.2,846.47 1 0
github.com/blend/go-sdk/request/request.go:850.2,850.13 1 0
github.com/blend/go-sdk/request/request.go:838.18,840.3 1 0
github.com/blend/go-sdk/request/request.go:842.27,844.3 1 0
github.com/blend/go-sdk/request/request.go:846.47,848.3 1 0
github.com/blend/go-sdk/request/request.go:857.59,858.33 1 1
github.com/blend/go-sdk/request/request.go:858.33,860.3 1 1
github.com/blend/go-sdk/request/request.go:863.58,864.33 1 1
github.com/blend/go-sdk/request/request.go:864.33,866.3 1 1
github.com/blend/go-sdk/request/request.go:869.61,873.2 3 1
github.com/blend/go-sdk/request/request.go:875.74,879.2 3 0
github.com/blend/go-sdk/request/request.go:881.56,883.2 1 1
github.com/blend/go-sdk/request/request.go:885.67,890.2 4 0
github.com/blend/go-sdk/request/request.go:892.60,894.2 1 1
github.com/blend/go-sdk/request/request.go:896.75,899.2 2 1
github.com/blend/go-sdk/request/request.go:901.55,903.2 1 1
github.com/blend/go-sdk/request/request.go:905.66,910.2 4 0
github.com/blend/go-sdk/request/request.go:912.31,914.2 1 1
github.com/blend/go-sdk/selector/parse.go:33.44,36.2 2 1
github.com/blend/go-sdk/selector/util.go:94.45,95.33 1 1
github.com/blend/go-sdk/selector/util.go:105.2,105.8 1 1
github.com/blend/go-sdk/selector/util.go:95.33,97.17 2 1
github.com/blend/go-sdk/selector/util.go:100.3,101.17 2 1
github.com/blend/go-sdk/selector/util.go:97.17,99.4 1 1
github.com/blend/go-sdk/selector/util.go:101.17,103.4 1 0
github.com/blend/go-sdk/selector/util.go:109.39,111.17 2 1
github.com/blend/go-sdk/selector/util.go:115.2,115.29 1 1
github.com/blend/go-sdk/selector/util.go:120.2,124.43 5 1
github.com/blend/go-sdk/selector/util.go:142.2,142.23 1 1
github.com/blend/go-sdk/selector/util.go:145.2,145.30 1 1
github.com/blend/go-sdk/selector/util.go:149.2,149.35 1 1
github.com/blend/go-sdk/selector/util.go:111.17,114.3 2 1
github.com/blend/go-sdk/selector/util.go:115.29,118.3 2 1
github.com/blend/go-sdk/selector/util.go:124.43,126.16 2 1
github.com/blend/go-sdk/selector/util.go:138.3,139.11 2 1
github.com/blend/go-sdk/selector/util.go:127.10,128.26 1 1
github.com/blend/go-sdk/selector/util.go:128.26,130.19 2 1
github.com/blend/go-sdk/selector/util.go:133.5,135.13 3 1
github.com/blend/go-sdk/selector/util.go:130.19,132.6 1 1
github.com/blend/go-sdk/selector/util.go:142.23,144.3 1 1
github.com/blend/go-sdk/selector/util.go:145.30,147.3 1 1
github.com/blend/go-sdk/selector/util.go:153.37,154.30 1 1
github.com/blend/go-sdk/selector/util.go:157.2,157.25 1 1
github.com/blend/go-sdk/selector/util.go:154.30,156.3 1 0
github.com/blend/go-sdk/selector/util.go:160.42,165.45 5 1
github.com/blend/go-sdk/selector/util.go:186.2,186.8 1 1
github.com/blend/go-sdk/selector/util.go:165.45,167.16 2 1
github.com/blend/go-sdk/selector/util.go:168.10,169.20 1 1
github.com/blend/go-sdk/selector/util.go:173.4,174.12 2 1
github.com/blend/go-sdk/selector/util.go:175.10,176.61 1 1
github.com/blend/go-sdk/selector/util.go:180.4,180.25 1 1
github.com/blend/go-sdk/selector/util.go:183.4,183.12 1 1
github.com/blend/go-sdk/selector/util.go:169.20,172.5 2 1
github.com/blend/go-sdk/selector/util.go:176.61,179.5 2 1
github.com/blend/go-sdk/selector/util.go:180.25,182.5 1 1
github.com/blend/go-sdk/selector/util.go:189.41,191.19 2 1
github.com/blend/go-sdk/selector/util.go:195.2,195.32 1 1
github.com/blend/go-sdk/selector/util.go:199.2,202.45 4 1
github.com/blend/go-sdk/selector/util.go:240.2,240.12 1 1
github.com/blend/go-sdk/selector/util.go:191.19,194.3 2 1
github.com/blend/go-sdk/selector/util.go:195.32,198.3 2 1
github.com/blend/go-sdk/selector/util.go:202.45,204.16 2 1
github.com/blend/go-sdk/selector/util.go:205.10,206.25 1 1
github.com/blend/go-sdk/selector/util.go:209.4,210.12 2 1
github.com/blend/go-sdk/selector/util.go:211.10,212.24 1 1
github.com/blend/go-sdk/selector/util.go:216.4,216.24 1 1
github.com/blend/go-sdk/selector/util.go:220.4,220.25 1 1
github.com/blend/go-sdk/selector/util.go:224.4,224.25 1 1
github.com/blend/go-sdk/selector/util.go:227.4,227.12 1 1
github.com/blend/go-sdk/selector/util.go:228.10,229.25 1 1
github.com/blend/go-sdk/selector/util.go:233.4,233.25 1 1
github.com/blend/go-sdk/selector/util.go:237.4,237.13 1 1
github.com/blend/go-sdk/selector/util.go:206.25,208.5 1 1
github.com/blend/go-sdk/selector/util.go:212.24,215.5 2 1
github.com/blend/go-sdk/selector/util.go:216.24,218.13 2 1
github.com/blend/go-sdk/selector/util.go:220.25,223.5 2 0
github.com/blend/go-sdk/selector/util.go:224.25,226.5 1 1
github.com/blend/go-sdk/selector/util.go:229.25,232.5 2 0
github.com/blend/go-sdk/selector/util.go:233.25,235.5 1 1
github.com/blend/go-sdk/selector/util.go:243.33,245.2 1 1
github.com/blend/go-sdk/selector/util.go:247.37,248.12 1 1
github.com/blend/go-sdk/selector/util.go:252.2,252.14 1 1
github.com/blend/go-sdk/selector/util.go:249.51,250.14 1 1
github.com/blend/go-sdk/selector/util.go:255.33,256.12 1 1
github.com/blend/go-sdk/selector/util.go:260.2,260.14 1 1
github.com/blend/go-sdk/selector/util.go:257.29,258.14 1 1
github.com/blend/go-sdk/selector/util.go:263.29,268.2 1 1
github.com/blend/go-sdk/selector/util.go:270.33,271.26 1 1
github.com/blend/go-sdk/selector/util.go:274.2,274.20 1 1
github.com/blend/go-sdk/selector/util.go:271.26,273.3 1 1
github.com/blend/go-sdk/selector/util.go:277.28,279.2 1 1
github.com/blend/go-sdk/selector/and.go:9.42,10.22 1 1
github.com/blend/go-sdk/selector/and.go:15.2,15.13 1 1
github.com/blend/go-sdk/selector/and.go:10.22,11.25 1 1
github.com/blend/go-sdk/selector/and.go:11.25,13.4 1 1
github.com/blend/go-sdk/selector/and.go:19.37,20.22 1 1
github.com/blend/go-sdk/selector/and.go:26.2,26.8 1 1
github.com/blend/go-sdk/selector/and.go:20.22,22.17 2 1
github.com/blend/go-sdk/selector/and.go:22.17,24.4 1 1
github.com/blend/go-sdk/selector/and.go:30.30,32.22 2 1
github.com/blend/go-sdk/selector/and.go:35.2,35.40 1 1
github.com/blend/go-sdk/selector/and.go:32.22,34.3 1 1
github.com/blend/go-sdk/selector/not_equals.go:11.49,12.49 1 1
github.com/blend/go-sdk/selector/not_equals.go:15.2,15.13 1 1
github.com/blend/go-sdk/selector/not_equals.go:12.49,14.3 1 1
github.com/blend/go-sdk/selector/not_equals.go:19.44,21.16 2 1
github.com/blend/go-sdk/selector/not_equals.go:24.2,25.8 2 1
github.com/blend/go-sdk/selector/not_equals.go:21.16,23.3 1 0
github.com/blend/go-sdk/selector/not_equals.go:29.37,31.2 1 1
github.com/blend/go-sdk/selector/not_in.go:15.45,16.49 1 1
github.com/blend/go-sdk/selector/not_in.go:25.2,25.13 1 1
github.com/blend/go-sdk/selector/not_in.go:16.49,17.32 1 1
github.com/blend/go-sdk/selector/not_in.go:17.32,18.19 1 1
github.com/blend/go-sdk/selector/not_in.go:18.19,21.5 1 1
github.com/blend/go-sdk/selector/not_in.go:29.40,31.16 2 1
github.com/blend/go-sdk/selector/not_in.go:34.2,34.30 1 1
github.com/blend/go-sdk/selector/not_in.go:40.2,40.8 1 1
github.com/blend/go-sdk/selector/not_in.go:31.16,33.3 1 0
github.com/blend/go-sdk/selector/not_in.go:34.30,36.17 2 0
github.com/blend/go-sdk/selector/not_in.go:36.17,38.4 1 0
github.com/blend/go-sdk/selector/not_in.go:44.33,46.2 1 1
github.com/blend/go-sdk/selector/not_has_key.go:9.50,10.46 1 1
github.com/blend/go-sdk/selector/not_has_key.go:13.2,13.13 1 1
github.com/blend/go-sdk/selector/not_has_key.go:10.46,12.3 1 1
github.com/blend/go-sdk/selector/not_has_key.go:17.45,20.2 2 1
github.com/blend/go-sdk/selector/not_has_key.go:23.38,25.2 1 1
github.com/blend/go-sdk/selector/parser.go:32.44,34.19 2 1
github.com/blend/go-sdk/selector/parser.go:38.2,45.6 5 1
github.com/blend/go-sdk/selector/parser.go:129.2,130.16 2 1
github.com/blend/go-sdk/selector/parser.go:134.2,134.22 1 1
github.com/blend/go-sdk/selector/parser.go:34.19,36.3 1 1
github.com/blend/go-sdk/selector/parser.go:45.6,49.16 2 1
github.com/blend/go-sdk/selector/parser.go:59.3,66.50 4 1
github.com/blend/go-sdk/selector/parser.go:77.3,78.17 2 1
github.com/blend/go-sdk/selector/parser.go:82.3,83.13 2 1
github.com/blend/go-sdk/selector/parser.go:112.3,113.17 2 1
github.com/blend/go-sdk/selector/parser.go:122.3,122.36 1 1
github.com/blend/go-sdk/selector/parser.go:126.3,126.33 1 1
github.com/blend/go-sdk/selector/parser.go:49.16,52.16 3 1
github.com/blend/go-sdk/selector/parser.go:55.4,55.12 1 1
github.com/blend/go-sdk/selector/parser.go:52.16,53.10 1 1
github.com/blend/go-sdk/selector/parser.go:66.50,69.16 3 1
github.com/blend/go-sdk/selector/parser.go:72.4,72.12 1 1
github.com/blend/go-sdk/selector/parser.go:69.16,70.10 1 1
github.com/blend/go-sdk/selector/parser.go:73.4,75.4 1 1
github.com/blend/go-sdk/selector/parser.go:78.17,80.4 1 1
github.com/blend/go-sdk/selector/parser.go:84.33,86.18 2 1
github.com/blend/go-sdk/selector/parser.go:89.4,89.46 1 1
github.com/blend/go-sdk/selector/parser.go:90.20,92.18 2 1
github.com/blend/go-sdk/selector/parser.go:95.4,95.46 1 1
github.com/blend/go-sdk/selector/parser.go:96.13,98.18 2 1
github.com/blend/go-sdk/selector/parser.go:101.4,101.46 1 1
github.com/blend/go-sdk/selector/parser.go:102.16,104.18 2 1
github.com/blend/go-sdk/selector/parser.go:107.4,107.46 1 1
github.com/blend/go-sdk/selector/parser.go:108.11,109.34 1 0
github.com/blend/go-sdk/selector/parser.go:86.18,88.5 1 0
github.com/blend/go-sdk/selector/parser.go:92.18,94.5 1 0
github.com/blend/go-sdk/selector/parser.go:98.18,100.5 1 1
github.com/blend/go-sdk/selector/parser.go:104.18,106.5 1 0
github.com/blend/go-sdk/selector/parser.go:113.17,115.16 2 1
github.com/blend/go-sdk/selector/parser.go:118.4,118.12 1 1
github.com/blend/go-sdk/selector/parser.go:115.16,116.10 1 0
github.com/blend/go-sdk/selector/parser.go:122.36,123.9 1 1
github.com/blend/go-sdk/selector/parser.go:130.16,132.3 1 1
github.com/blend/go-sdk/selector/parser.go:138.58,139.20 1 1
github.com/blend/go-sdk/selector/parser.go:142.2,142.46 1 1
github.com/blend/go-sdk/selector/parser.go:145.2,145.39 1 1
github.com/blend/go-sdk/selector/parser.go:139.20,141.3 1 1
github.com/blend/go-sdk/selector/parser.go:142.46,144.3 1 1
github.com/blend/go-sdk/selector/parser.go:148.46,150.2 1 1
github.com/blend/go-sdk/selector/parser.go:152.49,154.2 1 1
github.com/blend/go-sdk/selector/parser.go:156.55,159.2 2 1
github.com/blend/go-sdk/selector/parser.go:161.58,164.2 2 1
github.com/blend/go-sdk/selector/parser.go:166.51,168.16 2 1
github.com/blend/go-sdk/selector/parser.go:171.2,171.39 1 1
github.com/blend/go-sdk/selector/parser.go:168.16,170.3 1 1
github.com/blend/go-sdk/selector/parser.go:174.54,176.16 2 1
github.com/blend/go-sdk/selector/parser.go:179.2,179.42 1 1
github.com/blend/go-sdk/selector/parser.go:176.16,178.3 1 0
github.com/blend/go-sdk/selector/parser.go:183.30,185.2 1 1
github.com/blend/go-sdk/selector/parser.go:188.25,190.2 1 1
github.com/blend/go-sdk/selector/parser.go:193.28,194.13 1 1
github.com/blend/go-sdk/selector/parser.go:197.2,197.9 1 1
github.com/blend/go-sdk/selector/parser.go:194.13,196.3 1 1
github.com/blend/go-sdk/selector/parser.go:201.34,203.22 2 0
github.com/blend/go-sdk/selector/parser.go:207.2,207.10 1 0
github.com/blend/go-sdk/selector/parser.go:203.22,206.3 2 0
github.com/blend/go-sdk/selector/parser.go:211.37,214.2 2 1
github.com/blend/go-sdk/selector/parser.go:217.28,218.22 1 1
github.com/blend/go-sdk/selector/parser.go:218.22,221.3 2 1
github.com/blend/go-sdk/selector/parser.go:225.25,226.15 1 0
github.com/blend/go-sdk/selector/parser.go:226.15,228.3 1 0
github.com/blend/go-sdk/selector/parser.go:235.43,242.6 5 1
github.com/blend/go-sdk/selector/parser.go:242.6,245.16 2 1
github.com/blend/go-sdk/selector/parser.go:315.3,318.15 3 1
github.com/blend/go-sdk/selector/parser.go:246.10,247.19 1 1
github.com/blend/go-sdk/selector/parser.go:251.4,251.18 1 1
github.com/blend/go-sdk/selector/parser.go:255.4,255.17 1 1
github.com/blend/go-sdk/selector/parser.go:259.4,259.17 1 1
github.com/blend/go-sdk/selector/parser.go:263.4,263.33 1 0
github.com/blend/go-sdk/selector/parser.go:264.10,265.58 1 1
github.com/blend/go-sdk/selector/parser.go:268.4,268.19 1 1
github.com/blend/go-sdk/selector/parser.go:273.4,273.33 1 1
github.com/blend/go-sdk/selector/parser.go:274.10,275.19 1 1
github.com/blend/go-sdk/selector/parser.go:280.4,280.33 1 0
github.com/blend/go-sdk/selector/parser.go:281.10,282.17 1 1
github.com/blend/go-sdk/selector/parser.go:287.4,287.33 1 0
github.com/blend/go-sdk/selector/parser.go:288.10,289.17 1 1
github.com/blend/go-sdk/selector/parser.go:293.4,293.33 1 0
github.com/blend/go-sdk/selector/parser.go:294.10,295.17 1 1
github.com/blend/go-sdk/selector/parser.go:299.4,299.33 1 0
github.com/blend/go-sdk/selector/parser.go:300.10,301.17 1 1
github.com/blend/go-sdk/selector/parser.go:305.4,305.33 1 0
github.com/blend/go-sdk/selector/parser.go:306.11,307.17 1 1
github.com/blend/go-sdk/selector/parser.go:312.4,312.33 1 0
github.com/blend/go-sdk/selector/parser.go:247.19,249.10 2 1
github.com/blend/go-sdk/selector/parser.go:251.18,253.10 2 1
github.com/blend/go-sdk/selector/parser.go:255.17,257.10 2 1
github.com/blend/go-sdk/selector/parser.go:259.17,261.10 2 1
github.com/blend/go-sdk/selector/parser.go:265.58,267.5 1 1
github.com/blend/go-sdk/selector/parser.go:268.19,272.5 3 1
github.com/blend/go-sdk/selector/parser.go:275.19,279.5 3 1
github.com/blend/go-sdk/selector/parser.go:282.17,286.5 3 1
github.com/blend/go-sdk/selector/parser.go:289.17,291.10 2 1
github.com/blend/go-sdk/selector/parser.go:295.17,297.10 2 1
github.com/blend/go-sdk/selector/parser.go:301.17,303.10 2 1
github.com/blend/go-sdk/selector/parser.go:307.17,311.5 3 1
github.com/blend/go-sdk/selector/parser.go:318.15,320.4 1 1
github.com/blend/go-sdk/selector/parser.go:326.36,332.6 4 1
github.com/blend/go-sdk/selector/parser.go:332.6,335.25 2 1
github.com/blend/go-sdk/selector/parser.go:338.3,338.28 1 1
github.com/blend/go-sdk/selector/parser.go:342.3,345.15 3 1
github.com/blend/go-sdk/selector/parser.go:335.25,337.4 1 1
github.com/blend/go-sdk/selector/parser.go:338.28,340.4 1 1
github.com/blend/go-sdk/selector/parser.go:345.15,347.4 1 1
github.com/blend/go-sdk/selector/parser.go:351.58,359.6 5 1
github.com/blend/go-sdk/selector/parser.go:359.6,362.15 2 1
github.com/blend/go-sdk/selector/parser.go:367.3,367.16 1 1
github.com/blend/go-sdk/selector/parser.go:362.15,365.4 2 1
github.com/blend/go-sdk/selector/parser.go:368.10,369.24 1 1
github.com/blend/go-sdk/selector/parser.go:375.4,376.10 2 1
github.com/blend/go-sdk/selector/parser.go:377.10,379.19 1 1
github.com/blend/go-sdk/selector/parser.go:389.4,389.25 1 1
github.com/blend/go-sdk/selector/parser.go:397.4,397.26 1 1
github.com/blend/go-sdk/selector/parser.go:403.4,403.27 1 1
github.com/blend/go-sdk/selector/parser.go:408.4,410.12 3 1
github.com/blend/go-sdk/selector/parser.go:412.10,414.25 1 1
github.com/blend/go-sdk/selector/parser.go:419.4,419.26 1 1
github.com/blend/go-sdk/selector/parser.go:424.4,424.19 1 1
github.com/blend/go-sdk/selector/parser.go:429.4,429.21 1 1
github.com/blend/go-sdk/selector/parser.go:434.4,435.10 2 0
github.com/blend/go-sdk/selector/parser.go:437.10,439.25 1 1
github.com/blend/go-sdk/selector/parser.go:447.4,447.26 1 1
github.com/blend/go-sdk/selector/parser.go:452.4,452.19 1 1
github.com/blend/go-sdk/selector/parser.go:462.4,463.10 2 1
github.com/blend/go-sdk/selector/parser.go:369.24,372.13 3 1
github.com/blend/go-sdk/selector/parser.go:379.19,380.22 1 1
github.com/blend/go-sdk/selector/parser.go:384.5,386.13 3 1
github.com/blend/go-sdk/selector/parser.go:380.22,383.6 2 1
github.com/blend/go-sdk/selector/parser.go:389.25,390.22 1 1
github.com/blend/go-sdk/selector/parser.go:393.5,394.11 2 1
github.com/blend/go-sdk/selector/parser.go:390.22,392.6 1 1
github.com/blend/go-sdk/selector/parser.go:397.26,400.13 3 1
github.com/blend/go-sdk/selector/parser.go:403.27,406.5 2 0
github.com/blend/go-sdk/selector/parser.go:414.25,417.5 2 1
github.com/blend/go-sdk/selector/parser.go:419.26,421.13 2 1
github.com/blend/go-sdk/selector/parser.go:424.19,426.13 2 1
github.com/blend/go-sdk/selector/parser.go:429.21,431.13 2 1
github.com/blend/go-sdk/selector/parser.go:439.25,440.22 1 0
github.com/blend/go-sdk/selector/parser.go:443.5,444.11 2 0
github.com/blend/go-sdk/selector/parser.go:440.22,442.6 1 0
github.com/blend/go-sdk/selector/parser.go:447.26,449.13 2 0
github.com/blend/go-sdk/selector/parser.go:452.19,453.22 1 0
github.com/blend/go-sdk/selector/parser.go:457.5,459.13 3 0
github.com/blend/go-sdk/selector/parser.go:453.22,456.6 2 0
github.com/blend/go-sdk/selector/parser.go:469.35,470.14 1 1
github.com/blend/go-sdk/selector/parser.go:473.2,474.6 2 1
github.com/blend/go-sdk/selector/parser.go:470.14,472.3 1 1
github.com/blend/go-sdk/selector/parser.go:474.6,476.26 2 1
github.com/blend/go-sdk/selector/parser.go:479.3,480.15 2 1
github.com/blend/go-sdk/selector/parser.go:476.26,478.4 1 1
github.com/blend/go-sdk/selector/parser.go:480.15,482.4 1 1
github.com/blend/go-sdk/selector/parser.go:486.42,487.14 1 1
github.com/blend/go-sdk/selector/parser.go:490.2,490.6 1 1
github.com/blend/go-sdk/selector/parser.go:487.14,489.3 1 1
github.com/blend/go-sdk/selector/parser.go:490.6,492.18 2 1
github.com/blend/go-sdk/selector/parser.go:495.3,495.26 1 1
github.com/blend/go-sdk/selector/parser.go:498.3,499.15 2 1
github.com/blend/go-sdk/selector/parser.go:492.18,494.4 1 1
github.com/blend/go-sdk/selector/parser.go:495.26,497.4 1 1
github.com/blend/go-sdk/selector/parser.go:499.15,501.4 1 0
github.com/blend/go-sdk/selector/parser.go:506.45,508.2 1 1
github.com/blend/go-sdk/selector/parser.go:511.48,513.2 1 1
github.com/blend/go-sdk/selector/parser.go:516.45,518.2 1 1
github.com/blend/go-sdk/selector/parser.go:520.40,522.2 1 1
github.com/blend/go-sdk/selector/parser.go:524.45,526.2 1 1
github.com/blend/go-sdk/selector/equals.go:11.45,12.48 1 1
github.com/blend/go-sdk/selector/equals.go:15.2,15.14 1 1
github.com/blend/go-sdk/selector/equals.go:12.48,14.3 1 1
github.com/blend/go-sdk/selector/equals.go:19.40,21.16 2 1
github.com/blend/go-sdk/selector/equals.go:24.2,25.8 2 1
github.com/blend/go-sdk/selector/equals.go:21.16,23.3 1 1
github.com/blend/go-sdk/selector/equals.go:29.33,31.2 1 1
github.com/blend/go-sdk/selector/has_key.go:7.46,10.2 2 1
github.com/blend/go-sdk/selector/has_key.go:13.41,16.2 2 1
github.com/blend/go-sdk/selector/has_key.go:19.34,21.2 1 1
github.com/blend/go-sdk/selector/in.go:15.41,17.48 1 1
github.com/blend/go-sdk/selector/in.go:27.2,27.13 1 1
github.com/blend/go-sdk/selector/in.go:17.48,19.31 1 1
github.com/blend/go-sdk/selector/in.go:25.3,25.15 1 1
github.com/blend/go-sdk/selector/in.go:19.31,21.19 1 1
github.com/blend/go-sdk/selector/in.go:21.19,23.5 1 1
github.com/blend/go-sdk/selector/in.go:31.36,33.16 2 1
github.com/blend/go-sdk/selector/in.go:36.2,36.29 1 1
github.com/blend/go-sdk/selector/in.go:42.2,42.8 1 1
github.com/blend/go-sdk/selector/in.go:33.16,35.3 1 0
github.com/blend/go-sdk/selector/in.go:36.29,38.17 2 1
github.com/blend/go-sdk/selector/in.go:38.17,40.4 1 0
github.com/blend/go-sdk/selector/in.go:46.29,48.2 1 1
